Command line: /Users/yvonnelin/miniconda3/envs/mitochime/bin/spades.py	-1	/Users/yvonnelin/Desktop/mitochime/data/filtered_reads/10K_lemuru15_gb/10K_lemuru15_gb.gb.filtered_R1.fastq.gz	-2	/Users/yvonnelin/Desktop/mitochime/data/filtered_reads/10K_lemuru15_gb/10K_lemuru15_gb.gb.filtered_R2.fastq.gz	-o	/Users/yvonnelin/Desktop/mitochime/data/assemblies_spades/10K_lemuru15_gb_filtered	-t	8	-k	115	

System information:
  SPAdes version: 4.2.0
  Python version: 3.11.13
  OS: macOS-15.6.1-arm64-arm-64bit

Output dir: /Users/yvonnelin/Desktop/mitochime/data/assemblies_spades/10K_lemuru15_gb_filtered
Mode: read error correction and assembling
Debug mode is turned OFF

Dataset parameters:
  Standard mode
  For multi-cell/isolate data we recommend to use '--isolate' option; for single-cell MDA data use '--sc'; for metagenomic data use '--meta'; for RNA-Seq use '--rna'.
  Reads:
    Library number: 1, library type: paired-end
      orientation: fr
      left reads: ['/Users/yvonnelin/Desktop/mitochime/data/filtered_reads/10K_lemuru15_gb/10K_lemuru15_gb.gb.filtered_R1.fastq.gz']
      right reads: ['/Users/yvonnelin/Desktop/mitochime/data/filtered_reads/10K_lemuru15_gb/10K_lemuru15_gb.gb.filtered_R2.fastq.gz']
      interlaced reads: not specified
      single reads: not specified
      merged reads: not specified
Read error correction parameters:
  Iterations: 1
  PHRED offset will be auto-detected
  Corrected reads will be compressed
Assembly parameters:
  k: [115]
  Repeat resolution is enabled
  Mismatch careful mode is turned OFF
  MismatchCorrector will be SKIPPED
  Coverage cutoff is turned OFF
  Assembly graph output will use GFA v1.2 format
Other parameters:
  Dir for temp files: /Users/yvonnelin/Desktop/mitochime/data/assemblies_spades/10K_lemuru15_gb_filtered/tmp
  Threads: 8
  Memory limit (in Gb): 250


======= SPAdes pipeline started. Log can be found here: /Users/yvonnelin/Desktop/mitochime/data/assemblies_spades/10K_lemuru15_gb_filtered/spades.log

/Users/yvonnelin/Desktop/mitochime/data/filtered_reads/10K_lemuru15_gb/10K_lemuru15_gb.gb.filtered_R1.fastq.gz: max reads length: 150
/Users/yvonnelin/Desktop/mitochime/data/filtered_reads/10K_lemuru15_gb/10K_lemuru15_gb.gb.filtered_R2.fastq.gz: max reads length: 150

Reads length: 150


===== Before start started. 


===== Read error correction started. 


===== Read error correction started. 


== Running: /Users/yvonnelin/miniconda3/envs/mitochime/bin/spades-hammer /Users/yvonnelin/Desktop/mitochime/data/assemblies_spades/10K_lemuru15_gb_filtered/corrected/configs/config.info

  0:00:00.000     1M / 11M   INFO    General                 (main.cpp                  :  76)   Starting BayesHammer, built from N/A, git revision N/A
  0:00:00.000     1M / 11M   INFO    General                 (main.cpp                  :  77)   Loading config from "/Users/yvonnelin/Desktop/mitochime/data/assemblies_spades/10K_lemuru15_gb_filtered/corrected/configs/config.info"
  0:00:00.000     1M / 12M   INFO    General                 (main.cpp                  :  79)   Maximum # of threads to use (adjusted due to OMP capabilities): 8
  0:00:00.000     1M / 12M   WARN    General                 (memory_limit.cpp          :  53)   Failed to limit memory to 250 Gb, setrlimit(2) call failed, errno = 22 (Invalid argument). Watch your memory consumption!
  0:00:00.001     1M / 12M   INFO    General                 (main.cpp                  :  87)   Trying to determine PHRED offset
  0:00:00.001     1M / 12M   INFO    General                 (main.cpp                  :  93)   Determined value is 33
  0:00:00.001     1M / 12M   INFO    General                 (hammer_tools.cpp          :  40)   Hamming graph threshold tau=1, k=21, subkmer positions = [ 0 10 ]
  0:00:00.001     1M / 12M   INFO    General                 (main.cpp                  : 114)   Size of aux. kmer data 24 bytes
     === ITERATION 0 begins ===
  0:00:00.001     1M / 12M   INFO    General                 (kmer_index_builder.hpp    : 308)   Splitting kmer instances into 16 files using 8 threads. This might take a while.
  0:00:00.002     1M / 12M   INFO    General                 (file_limit.hpp            :  43)   Open file limit set to 10240
  0:00:00.002     1M / 12M   INFO    General                 (kmer_splitter.hpp         :  96)   Memory available for splitting buffers: 3.57914e+08 Gb
  0:00:00.002     1M / 12M   INFO    General                 (kmer_splitter.hpp         : 104)   Using cell size of 4194304
  0:00:00.003  4609M / 4609M INFO   K-mer Splitting          (kmer_data.cpp             :  98)   Processing "/Users/yvonnelin/Desktop/mitochime/data/filtered_reads/10K_lemuru15_gb/10K_lemuru15_gb.gb.filtered_R1.fastq.gz"
  0:00:00.173  4609M / 4609M INFO   K-mer Splitting          (kmer_data.cpp             :  98)   Processing "/Users/yvonnelin/Desktop/mitochime/data/filtered_reads/10K_lemuru15_gb/10K_lemuru15_gb.gb.filtered_R2.fastq.gz"
  0:00:00.223  4609M / 4609M INFO   K-mer Splitting          (kmer_data.cpp             : 113)   Total 18722 reads processed
  0:00:00.225     1M / 23M   INFO    General                 (kmer_index_builder.hpp    : 314)   Starting k-mer counting.
  0:00:00.236     1M / 23M   INFO    General                 (kmer_index_builder.hpp    : 325)   K-mer counting done. There are 2226486 kmers in total.
  0:00:00.237     1M / 24M   INFO   K-mer Index Building     (kmer_index_builder.hpp    : 460)   Building perfect hash indices
  0:00:00.273     2M / 24M   INFO   K-mer Index Building     (kmer_index_builder.hpp    : 496)   Index built. Total 2226486 kmers, 1620024 bytes occupied (5.82092 bits per kmer).
  0:00:00.273     2M / 24M   INFO   K-mer Counting           (kmer_data.cpp             : 355)   Arranging kmers in hash map order
  0:00:00.293    36M / 58M   INFO    General                 (main.cpp                  : 149)   Clustering Hamming graph.
  0:00:01.341    36M / 58M   INFO    General                 (main.cpp                  : 156)   Extracting clusters:
  0:00:01.342    36M / 58M   INFO    General                 (concurrent_dsu.cpp        :  19)   Connecting to root
  0:00:01.345    36M / 58M   INFO    General                 (concurrent_dsu.cpp        :  35)   Calculating counts
  0:00:01.374    45M / 67M   INFO    General                 (concurrent_dsu.cpp        :  64)   Writing down entries
  0:00:01.468    36M / 83M   INFO    General                 (main.cpp                  : 168)   Clustering done. Total clusters: 445161
  0:00:01.468    19M / 83M   INFO   K-mer Counting           (kmer_data.cpp             : 372)   Collecting K-mer information, this takes a while.
  0:00:01.493    71M / 129M  INFO   K-mer Counting           (kmer_data.cpp             : 378)   Processing "/Users/yvonnelin/Desktop/mitochime/data/filtered_reads/10K_lemuru15_gb/10K_lemuru15_gb.gb.filtered_R1.fastq.gz"
  0:00:01.619    71M / 129M  INFO   K-mer Counting           (kmer_data.cpp             : 378)   Processing "/Users/yvonnelin/Desktop/mitochime/data/filtered_reads/10K_lemuru15_gb/10K_lemuru15_gb.gb.filtered_R2.fastq.gz"
  0:00:01.744    71M / 129M  INFO   K-mer Counting           (kmer_data.cpp             : 385)   Collection done, postprocessing.
  0:00:01.748    71M / 129M  INFO   K-mer Counting           (kmer_data.cpp             : 399)   There are 2226486 kmers in total. Among them 1697750 (76.2524%) are singletons.
  0:00:01.748    71M / 129M  INFO    General                 (main.cpp                  : 174)   Subclustering Hamming graph
  0:00:01.899    71M / 136M  INFO   Hamming Subclustering    (kmer_cluster.cpp          : 637)   Subclustering done. Total 0 non-read kmers were generated.
  0:00:01.899    71M / 136M  INFO   Hamming Subclustering    (kmer_cluster.cpp          : 638)   Subclustering statistics:
  0:00:01.899    71M / 136M  INFO   Hamming Subclustering    (kmer_cluster.cpp          : 639)     Total singleton hamming clusters: 406996. Among them 11010 (2.70519%) are good
  0:00:01.899    71M / 136M  INFO   Hamming Subclustering    (kmer_cluster.cpp          : 640)     Total singleton subclusters: 2. Among them 1 (50%) are good
  0:00:01.899    71M / 136M  INFO   Hamming Subclustering    (kmer_cluster.cpp          : 641)     Total non-singleton subcluster centers: 38203. Among them 33036 (86.4749%) are good
  0:00:01.899    71M / 136M  INFO   Hamming Subclustering    (kmer_cluster.cpp          : 642)     Average size of non-trivial subcluster: 47.6269 kmers
  0:00:01.899    71M / 136M  INFO   Hamming Subclustering    (kmer_cluster.cpp          : 643)     Average number of sub-clusters per non-singleton cluster: 1.00105
  0:00:01.899    71M / 136M  INFO   Hamming Subclustering    (kmer_cluster.cpp          : 644)     Total solid k-mers: 44047
  0:00:01.899    71M / 136M  INFO   Hamming Subclustering    (kmer_cluster.cpp          : 645)     Substitution probabilities: (     0.929423    0.0350878  4.72096e-05    0.0354422 )
(      0.03562     0.928928    0.0354063  4.55962e-05 )
(  4.50599e-05    0.0352798      0.92893    0.0357456 )
(    0.0353335  4.63683e-05    0.0349713     0.929649 )
  0:00:01.900    71M / 132M  INFO    General                 (main.cpp                  : 179)   Finished clustering.
  0:00:01.900    71M / 132M  INFO    General                 (main.cpp                  : 198)   Starting solid k-mers expansion in 8 threads.
  0:00:01.965    71M / 132M  INFO    General                 (main.cpp                  : 219)   Solid k-mers iteration 0 produced 2357 new k-mers.
  0:00:02.031    71M / 132M  INFO    General                 (main.cpp                  : 219)   Solid k-mers iteration 1 produced 0 new k-mers.
  0:00:02.031    71M / 132M  INFO    General                 (main.cpp                  : 223)   Solid k-mers finalized
  0:00:02.031    71M / 132M  INFO    General                 (hammer_tools.cpp          : 226)   Starting read correction in 8 threads.
  0:00:02.031    71M / 132M  INFO    General                 (hammer_tools.cpp          : 239)   Correcting pair of reads: "/Users/yvonnelin/Desktop/mitochime/data/filtered_reads/10K_lemuru15_gb/10K_lemuru15_gb.gb.filtered_R1.fastq.gz" and "/Users/yvonnelin/Desktop/mitochime/data/filtered_reads/10K_lemuru15_gb/10K_lemuru15_gb.gb.filtered_R2.fastq.gz"
  0:00:02.076   214M / 258M  INFO    General                 (hammer_tools.cpp          : 173)   Prepared batch 0 of 9361 reads.
  0:00:02.348   215M / 259M  INFO    General                 (hammer_tools.cpp          : 180)   Processed batch 0
  0:00:02.362   215M / 259M  INFO    General                 (hammer_tools.cpp          : 190)   Written batch 0
  0:00:02.395    71M / 125M  INFO    General                 (hammer_tools.cpp          : 280)   Correction done. Changed 125429 bases in 16893 reads.
  0:00:02.395    71M / 125M  INFO    General                 (hammer_tools.cpp          : 281)   Failed to correct 240 bases out of 2808042.
  0:00:02.396     1M / 74M   INFO    General                 (main.cpp                  : 256)   Saving corrected dataset description to /Users/yvonnelin/Desktop/mitochime/data/assemblies_spades/10K_lemuru15_gb_filtered/corrected/corrected.yaml
  0:00:02.397     1M / 74M   INFO    General                 (main.cpp                  : 263)   All done. Exiting.

===== Read error correction finished. 


===== corrected reads compression started. 


== Running: /Users/yvonnelin/miniconda3/envs/mitochime/bin/python3 /Users/yvonnelin/miniconda3/envs/mitochime/share/spades/spades_pipeline/scripts/compress_all.py --input_file /Users/yvonnelin/Desktop/mitochime/data/assemblies_spades/10K_lemuru15_gb_filtered/corrected/corrected.yaml --ext_python_modules_home /Users/yvonnelin/miniconda3/envs/mitochime/share/spades --max_threads 8 --output_dir /Users/yvonnelin/Desktop/mitochime/data/assemblies_spades/10K_lemuru15_gb_filtered/corrected --gzip_output

== Compressing corrected reads (with pigz)
== Files to compress: ['/Users/yvonnelin/Desktop/mitochime/data/assemblies_spades/10K_lemuru15_gb_filtered/corrected/10K_lemuru15_gb.gb.filtered_R1.fastq00.0_0.cor.fastq', '/Users/yvonnelin/Desktop/mitochime/data/assemblies_spades/10K_lemuru15_gb_filtered/corrected/10K_lemuru15_gb.gb.filtered_R2.fastq00.0_0.cor.fastq', '/Users/yvonnelin/Desktop/mitochime/data/assemblies_spades/10K_lemuru15_gb_filtered/corrected/10K_lemuru15_gb.gb.filtered_R_unpaired00.0_0.cor.fastq']
== Files compression is finished
== Dataset yaml file is updated

===== corrected reads compression finished. 


===== Read error correction finished. 


===== Assembling started. 


===== K115 started. 


== Running: /Users/yvonnelin/miniconda3/envs/mitochime/bin/spades-core /Users/yvonnelin/Desktop/mitochime/data/assemblies_spades/10K_lemuru15_gb_filtered/K115/configs/config.info

  0:00:00.000     1M / 13M   INFO    General                 (main.cpp                  :  94)   Loaded config from "/Users/yvonnelin/Desktop/mitochime/data/assemblies_spades/10K_lemuru15_gb_filtered/K115/configs/config.info"
  0:00:00.000     1M / 13M   WARN    General                 (memory_limit.cpp          :  53)   Failed to limit memory to 250 Gb, setrlimit(2) call failed, errno = 22 (Invalid argument). Watch your memory consumption!
  0:00:00.000     1M / 13M   INFO    General                 (main.cpp                  : 102)   Starting SPAdes, built from N/A, git revision N/A
  0:00:00.000     1M / 13M   INFO    General                 (main.cpp                  : 103)   Maximum k-mer length: 128
  0:00:00.000     1M / 13M   INFO    General                 (main.cpp                  : 104)   Assembling dataset ("/Users/yvonnelin/Desktop/mitochime/data/assemblies_spades/10K_lemuru15_gb_filtered/dataset.info") with K=115
  0:00:00.000     1M / 13M   INFO    General                 (main.cpp                  : 105)   Maximum # of threads to use (adjusted due to OMP capabilities): 8
  0:00:00.000     1M / 13M   INFO    General                 (pipeline.cpp              : 221)   SPAdes started
  0:00:00.000     1M / 13M   INFO    General                 (pipeline.cpp              : 234)   Starting from stage: read_conversion
  0:00:00.000     1M / 13M   INFO    General                 (pipeline.cpp              : 245)   Two-step repeat resolution disabled
  0:00:00.000     1M / 13M   INFO   GraphCore                (graph_core.hpp            : 689)   Graph created, vertex min_id: 3, edge min_id: 3
  0:00:00.000     1M / 13M   INFO   GraphCore                (graph_core.hpp            : 690)   Vertex size: 48, edge size: 40
  0:00:00.000     1M / 13M   INFO    General                 (edge_index.hpp            : 134)   Size of edge index entries: 12/8
  0:00:00.000     1M / 13M   INFO    General                 (pipeline.cpp              : 256)   Will need read mapping, kmer mapper will be attached
  0:00:00.001     1M / 13M   INFO   StageManager             (stage.cpp                 : 212)   STAGE == Binary Read Conversion (id: read_conversion)
  0:00:00.001     1M / 13M   INFO    General                 (read_converter.cpp        :  78)   Converting reads to binary format for library #0 (takes a while)
  0:00:00.001     1M / 13M   INFO    General                 (read_converter.cpp        :  99)   Converting paired reads
  0:00:00.037    63M / 63M   INFO    General                 (binary_converter.cpp      : 143)   9305 reads written
  0:00:00.038    38M / 40M   INFO    General                 (read_converter.cpp        : 113)   Converting single reads
  0:00:00.040    68M / 68M   INFO    General                 (binary_converter.cpp      : 143)   56 reads written
  0:00:00.040    58M / 58M   INFO    General                 (read_converter.cpp        : 119)   Converting merged reads
  0:00:00.041    68M / 68M   INFO    General                 (binary_converter.cpp      : 143)   0 reads written
  0:00:00.078     1M / 40M   INFO   StageManager             (stage.cpp                 : 212)   STAGE == de Bruijn graph construction (id: construction)
  0:00:00.079     1M / 40M   INFO    General                 (construction.cpp          : 150)   Max read length 150
  0:00:00.079     1M / 40M   INFO    General                 (construction.cpp          : 156)   Average read length 149.978
  0:00:00.079     1M / 40M   INFO    General                 (stage.cpp                 : 121)   PROCEDURE == k+1-mer counting (id: construction:kpomer_counting)
  0:00:00.079     1M / 40M   INFO    General                 (kmer_index_builder.hpp    : 308)   Splitting kmer instances into 80 files using 8 threads. This might take a while.
  0:00:00.084     1M / 40M   INFO    General                 (file_limit.hpp            :  43)   Open file limit set to 10240
  0:00:00.084     1M / 40M   INFO    General                 (kmer_splitter.hpp         :  96)   Memory available for splitting buffers: 3.57914e+08 Gb
  0:00:00.084     1M / 40M   INFO    General                 (kmer_splitter.hpp         : 104)   Using cell size of 209715
  0:00:00.247  4641M / 4641M INFO    General                 (kmer_splitters.hpp        : 128)   Processed 37332 reads
  0:00:00.248     1M / 76M   INFO    General                 (kmer_splitters.hpp        : 134)   Used 37332 reads
  0:00:00.262     1M / 76M   INFO    General                 (kmer_index_builder.hpp    : 314)   Starting k-mer counting.
  0:00:00.273     1M / 76M   INFO    General                 (kmer_index_builder.hpp    : 325)   K-mer counting done. There are 39897 kmers in total.
  0:00:00.273     1M / 76M   INFO    General                 (stage.cpp                 : 121)   PROCEDURE == Extension index construction (id: construction:extension_index_construction)
  0:00:00.274     1M / 76M   INFO   K-mer Index Building     (kmer_index_builder.hpp    : 503)   Building kmer index
  0:00:00.274     1M / 76M   INFO    General                 (kmer_index_builder.hpp    : 308)   Splitting kmer instances into 80 files using 8 threads. This might take a while.
  0:00:00.280     1M / 76M   INFO    General                 (file_limit.hpp            :  43)   Open file limit set to 10240
  0:00:00.280     1M / 76M   INFO    General                 (kmer_splitter.hpp         :  96)   Memory available for splitting buffers: 3.57914e+08 Gb
  0:00:00.280     1M / 76M   INFO    General                 (kmer_splitter.hpp         : 104)   Using cell size of 209715
  0:00:00.352  4641M / 4641M INFO    General                 (kmer_splitters.hpp        : 197)   Processed 39897 kmers
  0:00:00.352  4641M / 4641M INFO    General                 (kmer_splitters.hpp        : 202)   Used 39897 kmers.
  0:00:00.352     1M / 78M   INFO    General                 (kmer_index_builder.hpp    : 314)   Starting k-mer counting.
  0:00:00.378     1M / 78M   INFO    General                 (kmer_index_builder.hpp    : 325)   K-mer counting done. There are 40268 kmers in total.
  0:00:00.378     1M / 78M   INFO   K-mer Index Building     (kmer_index_builder.hpp    : 460)   Building perfect hash indices
  0:00:00.383     1M / 78M   INFO   K-mer Index Building     (kmer_index_builder.hpp    : 496)   Index built. Total 40268 kmers, 91000 bytes occupied (18.0789 bits per kmer).
  0:00:00.384     1M / 78M   INFO    General                 (kmer_index_builder.hpp    : 191)   Merging final buckets.
  0:00:00.394     1M / 78M   INFO   DeBruijnExtensionIndexBu (kmer_extension_index_build: 101)   Building k-mer extensions from k+1-mers
  0:00:00.397     1M / 78M   INFO   DeBruijnExtensionIndexBu (kmer_extension_index_build: 106)   Building k-mer extensions from k+1-mers finished.
  0:00:00.397     1M / 77M   INFO    General                 (stage.cpp                 : 121)   PROCEDURE == Condensing graph (id: construction:graph_condensing)
  0:00:00.397     1M / 77M   INFO   UnbranchingPathExtractor (debruijn_graph_constructor: 324)   Extracting unbranching paths
  0:00:00.401     1M / 78M   INFO   UnbranchingPathExtractor (debruijn_graph_constructor: 348)   Extracting unbranching paths finished. 1966 sequences extracted
  0:00:00.403     1M / 77M   INFO   UnbranchingPathExtractor (debruijn_graph_constructor: 362)   Collecting perfect loops
  0:00:00.404     1M / 78M   INFO   UnbranchingPathExtractor (debruijn_graph_constructor: 395)   Collecting perfect loops finished. 0 loops collected
  0:00:00.404     1M / 77M   INFO   DeBruijnGraphConstructor (debruijn_graph_constructor: 593)   Sorting edges...
  0:00:00.405     1M / 77M   INFO   DeBruijnGraphConstructor (debruijn_graph_constructor: 598)   Edges sorted
  0:00:00.405     1M / 77M   INFO    General                 (debruijn_graph_constructor: 511)   Total 3932 edges to create
  0:00:00.405     1M / 77M   INFO    General                 (debruijn_graph_constructor: 514)   Collecting link records
  0:00:00.406     1M / 77M   INFO    General                 (debruijn_graph_constructor: 519)   Ordering link records
  0:00:00.407     1M / 77M   INFO    General                 (debruijn_graph_constructor: 525)   Sorting done
  0:00:00.407     1M / 77M   INFO    General                 (debruijn_graph_constructor: 538)   Sorting LinkRecords...
  0:00:00.407     1M / 77M   INFO    General                 (debruijn_graph_constructor: 544)   LinkRecords sorted
  0:00:00.407     1M / 77M   INFO    General                 (debruijn_graph_constructor: 546)   Total 2337 vertices to create
  0:00:00.407     2M / 77M   INFO    General                 (debruijn_graph_constructor: 549)   Connecting the graph
  0:00:00.409     2M / 77M   INFO    General                 (stage.cpp                 : 121)   PROCEDURE == Filling coverage indices (PHM) (id: construction:coverage_filling_phm)
  0:00:00.409     2M / 77M   INFO   K-mer Index Building     (kmer_index_builder.hpp    : 460)   Building perfect hash indices
  0:00:00.412     2M / 78M   INFO   K-mer Index Building     (kmer_index_builder.hpp    : 496)   Index built. Total 39897 kmers, 90744 bytes occupied (18.1957 bits per kmer).
  0:00:00.412     2M / 78M   INFO    General                 (coverage_hash_map_builder.:  49)   Collecting k-mer coverage information from reads, this takes a while.
  0:00:00.428     2M / 78M   INFO    General                 (construction.cpp          : 400)   Filling coverage and flanking coverage from PHM
  0:00:00.430     2M / 78M   INFO    General                 (coverage_filling.hpp      :  83)   Processed 3932 edges
  0:00:00.435     1M / 78M   INFO   StageManager             (stage.cpp                 : 212)   STAGE == EC Threshold Finding (id: ec_threshold_finder)
  0:00:00.436     1M / 78M   INFO    General                 (kmer_coverage_model.cpp   : 182)   Kmer coverage valley at: 4
  0:00:00.436     1M / 78M   INFO    General                 (kmer_coverage_model.cpp   : 202)   K-mer histogram maximum: 39
  0:00:00.436     1M / 78M   INFO    General                 (kmer_coverage_model.cpp   : 238)   Estimated median coverage: 39. Coverage mad: 8.8956
  0:00:00.436     1M / 78M   INFO    General                 (kmer_coverage_model.cpp   : 260)   Fitting coverage model
  0:00:00.438     1M / 78M   INFO    General                 (kmer_coverage_model.cpp   : 296)   ... iteration 2
  0:00:00.444     1M / 78M   INFO    General                 (kmer_coverage_model.cpp   : 296)   ... iteration 4
  0:00:00.460     1M / 78M   INFO    General                 (kmer_coverage_model.cpp   : 296)   ... iteration 8
  0:00:00.471     1M / 78M   INFO    General                 (kmer_coverage_model.cpp   : 310)   Fitted mean coverage: 38.1206. Fitted coverage std. dev: 7.03625
  0:00:00.471     1M / 78M   INFO    General                 (kmer_coverage_model.cpp   : 335)   Probability of erroneous kmer at valley: 0.998391
  0:00:00.471     1M / 78M   INFO    General                 (kmer_coverage_model.cpp   : 359)   Preliminary threshold calculated as: 11
  0:00:00.471     1M / 78M   INFO    General                 (kmer_coverage_model.cpp   : 363)   Threshold adjusted to: 11
  0:00:00.471     1M / 78M   INFO    General                 (kmer_coverage_model.cpp   : 376)   Estimated genome size (ignoring repeats): 16439
  0:00:00.471     1M / 78M   INFO    General                 (genomic_info_filler.cpp   :  56)   Mean coverage was calculated as 38.1206
  0:00:00.471     1M / 78M   INFO    General                 (genomic_info_filler.cpp   :  71)   EC coverage threshold value was calculated as 11
  0:00:00.472     1M / 78M   INFO    General                 (genomic_info_filler.cpp   :  72)   Trusted kmer low bound: 0
  0:00:00.472     1M / 78M   INFO   StageManager             (stage.cpp                 : 212)   STAGE == Gap Closer (id: early_gapcloser)
  0:00:00.474    14M / 90M   INFO    General                 (edge_index.hpp            : 134)   Size of edge index entries: 12/8
  0:00:00.474    14M / 90M   INFO    General                 (gap_closer.cpp            : 117)   Total edges in tip neighborhood: 1545 out of 3932, length: 37112
  0:00:00.474    14M / 90M   INFO    General                 (edge_index.hpp            : 196)   Using small index (max_id = 3954)
  0:00:00.474    14M / 90M   INFO   K-mer Index Building     (kmer_index_builder.hpp    : 460)   Building perfect hash indices
  0:00:00.477    14M / 90M   INFO   K-mer Index Building     (kmer_index_builder.hpp    : 496)   Index built. Total 23368 kmers, 17640 bytes occupied (6.03903 bits per kmer).
  0:00:00.477    15M / 90M   INFO    General                 (edge_index_builders.hpp   : 266)   Collecting edge information from graph, this takes a while.
  0:00:00.478    15M / 90M   INFO    General                 (sequence_mapper_notifier.h:  80)   Starting sequence mapping
  0:00:00.495    15M / 91M   INFO    General                 (sequence_mapper_notifier.h: 120)   Total 9305 reads processed
  0:00:00.497    14M / 91M   INFO    General                 (gap_closer.cpp            : 505)   Initializing gap closer
  0:00:00.497    14M / 91M   INFO   GapCloser                (gap_closer.cpp            : 421)   Collecting gap candidates
  0:00:00.498    14M / 91M   INFO   GapCloser                (gap_closer.cpp            : 425)   Total 0 tips collected, total 0 connection candidates
  0:00:00.498    14M / 91M   INFO   GapCloser                (gap_closer.cpp            : 448)   Closing short gaps complete: filled 0 gaps after checking 0 candidates
  0:00:00.498    14M / 91M   INFO    General                 (gap_closer.cpp            : 510)   Gap closer done
  0:00:00.499     1M / 91M   INFO   StageManager             (stage.cpp                 : 212)   STAGE == Raw Simplification (id: raw_simplification)
  0:00:00.499     1M / 91M   INFO    General                 (simplification.cpp        : 129)   PROCEDURE == Initial cleaning
  0:00:00.499     1M / 91M   INFO    General                 (graph_simplification.hpp  : 674)   Flanking coverage based disconnection disabled
  0:00:00.499     1M / 91M   INFO   Simplification           (parallel_processing.hpp   : 168)   Running Self conjugate edge remover
  0:00:00.499     1M / 91M   INFO   Simplification           (parallel_processing.hpp   : 171)   Self conjugate edge remover triggered 0 times
  0:00:00.499     1M / 91M   INFO   Simplification           (parallel_processing.hpp   : 168)   Running Initial tip clipper
  0:00:00.501     1M / 91M   INFO   Simplification           (parallel_processing.hpp   : 171)   Initial tip clipper triggered 803 times
  0:00:00.501     1M / 91M   INFO   Simplification           (parallel_processing.hpp   : 168)   Running Initial ec remover
  0:00:00.501     1M / 91M   INFO   Simplification           (parallel_processing.hpp   : 171)   Initial ec remover triggered 0 times
  0:00:00.502     1M / 91M   INFO   Simplification           (parallel_processing.hpp   : 168)   Running Initial isolated edge remover
  0:00:00.502     1M / 91M   INFO   Simplification           (parallel_processing.hpp   : 171)   Initial isolated edge remover triggered 370 times
  0:00:00.502     1M / 91M   INFO   StageManager             (stage.cpp                 : 212)   STAGE == Simplification (id: simplification)
  0:00:00.502     1M / 91M   INFO    General                 (simplification.cpp        : 397)   Graph simplification started
  0:00:00.502     1M / 91M   INFO    General                 (graph_simplification.hpp  : 646)   Creating parallel br instance
  0:00:00.502     1M / 91M   INFO    General                 (simplification.cpp        : 402)   PROCEDURE == Simplification cycle, iteration 1
  0:00:00.502     1M / 91M   INFO   Simplification           (parallel_processing.hpp   : 168)   Running Tip clipper
  0:00:00.503     1M / 91M   INFO   Simplification           (parallel_processing.hpp   : 171)   Tip clipper triggered 0 times
  0:00:00.503     1M / 91M   INFO   Simplification           (parallel_processing.hpp   : 168)   Running Bulge remover
  0:00:00.503     1M / 91M   INFO   Simplification           (parallel_processing.hpp   : 171)   Bulge remover triggered 0 times
  0:00:00.503     1M / 91M   INFO   Simplification           (parallel_processing.hpp   : 168)   Running Low coverage edge remover
  0:00:00.503     1M / 91M   INFO   Simplification           (parallel_processing.hpp   : 171)   Low coverage edge remover triggered 0 times
  0:00:00.503     1M / 91M   INFO    General                 (simplification.cpp        : 402)   PROCEDURE == Simplification cycle, iteration 2
  0:00:00.503     1M / 91M   INFO   Simplification           (parallel_processing.hpp   : 168)   Running Tip clipper
  0:00:00.503     1M / 91M   INFO   Simplification           (parallel_processing.hpp   : 171)   Tip clipper triggered 0 times
  0:00:00.503     1M / 91M   INFO   Simplification           (parallel_processing.hpp   : 168)   Running Bulge remover
  0:00:00.503     1M / 91M   INFO   Simplification           (parallel_processing.hpp   : 171)   Bulge remover triggered 0 times
  0:00:00.503     1M / 91M   INFO   Simplification           (parallel_processing.hpp   : 168)   Running Low coverage edge remover
  0:00:00.503     1M / 91M   INFO   Simplification           (parallel_processing.hpp   : 171)   Low coverage edge remover triggered 0 times
  0:00:00.503     1M / 91M   INFO    General                 (simplification.cpp        : 402)   PROCEDURE == Simplification cycle, iteration 3
  0:00:00.504     1M / 91M   INFO   Simplification           (parallel_processing.hpp   : 168)   Running Tip clipper
  0:00:00.504     1M / 91M   INFO   Simplification           (parallel_processing.hpp   : 171)   Tip clipper triggered 0 times
  0:00:00.504     1M / 91M   INFO   Simplification           (parallel_processing.hpp   : 168)   Running Bulge remover
  0:00:00.504     1M / 91M   INFO   Simplification           (parallel_processing.hpp   : 171)   Bulge remover triggered 0 times
  0:00:00.504     1M / 91M   INFO   Simplification           (parallel_processing.hpp   : 168)   Running Low coverage edge remover
  0:00:00.504     1M / 91M   INFO   Simplification           (parallel_processing.hpp   : 171)   Low coverage edge remover triggered 0 times
  0:00:00.504     1M / 91M   INFO    General                 (simplification.cpp        : 402)   PROCEDURE == Simplification cycle, iteration 4
  0:00:00.504     1M / 91M   INFO   Simplification           (parallel_processing.hpp   : 168)   Running Tip clipper
  0:00:00.504     1M / 91M   INFO   Simplification           (parallel_processing.hpp   : 171)   Tip clipper triggered 0 times
  0:00:00.504     1M / 91M   INFO   Simplification           (parallel_processing.hpp   : 168)   Running Bulge remover
  0:00:00.504     1M / 91M   INFO   Simplification           (parallel_processing.hpp   : 171)   Bulge remover triggered 0 times
  0:00:00.504     1M / 91M   INFO   Simplification           (parallel_processing.hpp   : 168)   Running Low coverage edge remover
  0:00:00.504     1M / 91M   INFO   Simplification           (parallel_processing.hpp   : 171)   Low coverage edge remover triggered 0 times
  0:00:00.504     1M / 91M   INFO    General                 (simplification.cpp        : 402)   PROCEDURE == Simplification cycle, iteration 5
  0:00:00.504     1M / 91M   INFO   Simplification           (parallel_processing.hpp   : 168)   Running Tip clipper
  0:00:00.505     1M / 91M   INFO   Simplification           (parallel_processing.hpp   : 171)   Tip clipper triggered 0 times
  0:00:00.505     1M / 91M   INFO   Simplification           (parallel_processing.hpp   : 168)   Running Bulge remover
  0:00:00.505     1M / 91M   INFO   Simplification           (parallel_processing.hpp   : 171)   Bulge remover triggered 0 times
  0:00:00.505     1M / 91M   INFO   Simplification           (parallel_processing.hpp   : 168)   Running Low coverage edge remover
  0:00:00.505     1M / 91M   INFO   Simplification           (parallel_processing.hpp   : 171)   Low coverage edge remover triggered 0 times
  0:00:00.505     1M / 91M   INFO    General                 (simplification.cpp        : 402)   PROCEDURE == Simplification cycle, iteration 6
  0:00:00.505     1M / 91M   INFO   Simplification           (parallel_processing.hpp   : 168)   Running Tip clipper
  0:00:00.505     1M / 91M   INFO   Simplification           (parallel_processing.hpp   : 171)   Tip clipper triggered 0 times
  0:00:00.505     1M / 91M   INFO   Simplification           (parallel_processing.hpp   : 168)   Running Bulge remover
  0:00:00.505     1M / 91M   INFO   Simplification           (parallel_processing.hpp   : 171)   Bulge remover triggered 0 times
  0:00:00.505     1M / 91M   INFO   Simplification           (parallel_processing.hpp   : 168)   Running Low coverage edge remover
  0:00:00.505     1M / 91M   INFO   Simplification           (parallel_processing.hpp   : 171)   Low coverage edge remover triggered 0 times
  0:00:00.505     1M / 91M   INFO    General                 (simplification.cpp        : 402)   PROCEDURE == Simplification cycle, iteration 7
  0:00:00.505     1M / 91M   INFO   Simplification           (parallel_processing.hpp   : 168)   Running Tip clipper
  0:00:00.505     1M / 91M   INFO   Simplification           (parallel_processing.hpp   : 171)   Tip clipper triggered 0 times
  0:00:00.506     1M / 91M   INFO   Simplification           (parallel_processing.hpp   : 168)   Running Bulge remover
  0:00:00.506     1M / 91M   INFO   Simplification           (parallel_processing.hpp   : 171)   Bulge remover triggered 0 times
  0:00:00.506     1M / 91M   INFO   Simplification           (parallel_processing.hpp   : 168)   Running Low coverage edge remover
  0:00:00.506     1M / 91M   INFO   Simplification           (parallel_processing.hpp   : 171)   Low coverage edge remover triggered 0 times
  0:00:00.506     1M / 91M   INFO    General                 (simplification.cpp        : 402)   PROCEDURE == Simplification cycle, iteration 8
  0:00:00.506     1M / 91M   INFO   Simplification           (parallel_processing.hpp   : 168)   Running Tip clipper
  0:00:00.506     1M / 91M   INFO   Simplification           (parallel_processing.hpp   : 171)   Tip clipper triggered 0 times
  0:00:00.506     1M / 91M   INFO   Simplification           (parallel_processing.hpp   : 168)   Running Bulge remover
  0:00:00.506     1M / 91M   INFO   Simplification           (parallel_processing.hpp   : 171)   Bulge remover triggered 0 times
  0:00:00.506     1M / 91M   INFO   Simplification           (parallel_processing.hpp   : 168)   Running Low coverage edge remover
  0:00:00.506     1M / 91M   INFO   Simplification           (parallel_processing.hpp   : 171)   Low coverage edge remover triggered 0 times
  0:00:00.506     1M / 91M   INFO    General                 (simplification.cpp        : 402)   PROCEDURE == Simplification cycle, iteration 9
  0:00:00.506     1M / 91M   INFO   Simplification           (parallel_processing.hpp   : 168)   Running Tip clipper
  0:00:00.506     1M / 91M   INFO   Simplification           (parallel_processing.hpp   : 171)   Tip clipper triggered 0 times
  0:00:00.507     1M / 91M   INFO   Simplification           (parallel_processing.hpp   : 168)   Running Bulge remover
  0:00:00.507     1M / 91M   INFO   Simplification           (parallel_processing.hpp   : 171)   Bulge remover triggered 0 times
  0:00:00.507     1M / 91M   INFO   Simplification           (parallel_processing.hpp   : 168)   Running Low coverage edge remover
  0:00:00.507     1M / 91M   INFO   Simplification           (parallel_processing.hpp   : 171)   Low coverage edge remover triggered 0 times
  0:00:00.507     1M / 91M   INFO    General                 (simplification.cpp        : 402)   PROCEDURE == Simplification cycle, iteration 10
  0:00:00.507     1M / 91M   INFO   Simplification           (parallel_processing.hpp   : 168)   Running Tip clipper
  0:00:00.507     1M / 91M   INFO   Simplification           (parallel_processing.hpp   : 171)   Tip clipper triggered 0 times
  0:00:00.507     1M / 91M   INFO   Simplification           (parallel_processing.hpp   : 168)   Running Bulge remover
  0:00:00.507     1M / 91M   INFO   Simplification           (parallel_processing.hpp   : 171)   Bulge remover triggered 0 times
  0:00:00.507     1M / 91M   INFO   Simplification           (parallel_processing.hpp   : 168)   Running Low coverage edge remover
  0:00:00.507     1M / 91M   INFO   Simplification           (parallel_processing.hpp   : 171)   Low coverage edge remover triggered 0 times
  0:00:00.507     1M / 91M   INFO    General                 (simplification.cpp        : 402)   PROCEDURE == Simplification cycle, iteration 11
  0:00:00.507     1M / 91M   INFO   Simplification           (parallel_processing.hpp   : 168)   Running Tip clipper
  0:00:00.508     1M / 91M   INFO   Simplification           (parallel_processing.hpp   : 171)   Tip clipper triggered 0 times
  0:00:00.508     1M / 91M   INFO   Simplification           (parallel_processing.hpp   : 168)   Running Bulge remover
  0:00:00.508     1M / 91M   INFO   Simplification           (parallel_processing.hpp   : 171)   Bulge remover triggered 0 times
  0:00:00.508     1M / 91M   INFO   Simplification           (parallel_processing.hpp   : 168)   Running Low coverage edge remover
  0:00:00.508     1M / 91M   INFO   Simplification           (parallel_processing.hpp   : 171)   Low coverage edge remover triggered 0 times
  0:00:00.508     1M / 91M   INFO   StageManager             (stage.cpp                 : 212)   STAGE == Gap Closer (id: late_gapcloser)
  0:00:00.509    14M / 91M   INFO    General                 (edge_index.hpp            : 134)   Size of edge index entries: 12/8
  0:00:00.509    14M / 91M   INFO    General                 (gap_closer.cpp            : 117)   Total edges in tip neighborhood: 2 out of 2, length: 32996
  0:00:00.509    14M / 91M   INFO    General                 (edge_index.hpp            : 196)   Using small index (max_id = 3954)
  0:00:00.510    14M / 91M   INFO   K-mer Index Building     (kmer_index_builder.hpp    : 460)   Building perfect hash indices
  0:00:00.512    14M / 91M   INFO   K-mer Index Building     (kmer_index_builder.hpp    : 496)   Index built. Total 16498 kmers, 12688 bytes occupied (6.1525 bits per kmer).
  0:00:00.512    14M / 91M   INFO    General                 (edge_index_builders.hpp   : 266)   Collecting edge information from graph, this takes a while.
  0:00:00.513    14M / 91M   INFO    General                 (sequence_mapper_notifier.h:  80)   Starting sequence mapping
  0:00:00.521    14M / 91M   INFO    General                 (sequence_mapper_notifier.h: 120)   Total 9305 reads processed
  0:00:00.523    14M / 91M   INFO    General                 (gap_closer.cpp            : 505)   Initializing gap closer
  0:00:00.523    14M / 91M   INFO   GapCloser                (gap_closer.cpp            : 421)   Collecting gap candidates
  0:00:00.523    14M / 91M   INFO   GapCloser                (gap_closer.cpp            : 425)   Total 0 tips collected, total 0 connection candidates
  0:00:00.523    14M / 91M   INFO   GapCloser                (gap_closer.cpp            : 448)   Closing short gaps complete: filled 0 gaps after checking 0 candidates
  0:00:00.523    14M / 91M   INFO    General                 (gap_closer.cpp            : 510)   Gap closer done
  0:00:00.523     1M / 91M   INFO   StageManager             (stage.cpp                 : 212)   STAGE == Simplification Cleanup (id: simplification_cleanup)
  0:00:00.523     1M / 91M   INFO    General                 (simplification.cpp        : 189)   PROCEDURE == Post simplification
  0:00:00.523     1M / 91M   INFO    General                 (graph_simplification.hpp  : 455)   Disconnection of relatively low covered edges disabled
  0:00:00.524     1M / 91M   INFO    General                 (graph_simplification.hpp  : 494)   Complex tip clipping disabled
  0:00:00.524     1M / 91M   INFO    General                 (graph_simplification.hpp  : 646)   Creating parallel br instance
  0:00:00.524     1M / 91M   INFO   Simplification           (parallel_processing.hpp   : 168)   Running Tip clipper
  0:00:00.524     1M / 91M   INFO   Simplification           (parallel_processing.hpp   : 171)   Tip clipper triggered 0 times
  0:00:00.524     1M / 91M   INFO   Simplification           (parallel_processing.hpp   : 168)   Running Bulge remover
  0:00:00.524     1M / 91M   INFO   Simplification           (parallel_processing.hpp   : 171)   Bulge remover triggered 0 times
  0:00:00.524     1M / 91M   INFO   Simplification           (parallel_processing.hpp   : 168)   Running Tip clipper
  0:00:00.524     1M / 91M   INFO   Simplification           (parallel_processing.hpp   : 171)   Tip clipper triggered 0 times
  0:00:00.524     1M / 91M   INFO   Simplification           (parallel_processing.hpp   : 168)   Running Bulge remover
  0:00:00.524     1M / 91M   INFO   Simplification           (parallel_processing.hpp   : 171)   Bulge remover triggered 0 times
  0:00:00.524     1M / 91M   INFO    General                 (simplification.cpp        : 348)   Disrupting self-conjugate edges
  0:00:00.524     1M / 91M   INFO   Simplification           (parallel_processing.hpp   : 168)   Running Removing isolated edges
  0:00:00.525     1M / 91M   INFO   Simplification           (parallel_processing.hpp   : 171)   Removing isolated edges triggered 0 times
  0:00:00.525     1M / 91M   INFO    General                 (simplification.cpp        : 508)   After simplification:
  0:00:00.525     1M / 91M   INFO    General                 (simplification.cpp        : 509)     Average coverage = 38.005
  0:00:00.525     1M / 91M   INFO    General                 (simplification.cpp        : 510)     Total length = 16498
  0:00:00.525     1M / 91M   INFO    General                 (simplification.cpp        : 511)     Median edge length: 16498
  0:00:00.525     1M / 91M   INFO    General                 (simplification.cpp        : 512)     Edges: 2
  0:00:00.525     1M / 91M   INFO    General                 (simplification.cpp        : 513)     Vertices: 4
  0:00:00.525     1M / 91M   INFO   StageManager             (stage.cpp                 : 212)   STAGE == Mismatch Correction (id: mismatch_correction)
  0:00:00.525     1M / 91M   INFO    General                 (graph_pack_helpers.cpp    :  44)   Index refill
  0:00:00.525     1M / 91M   INFO    General                 (edge_index.hpp            : 175)   Using small index (max_id = 3954)
  0:00:00.526     1M / 91M   INFO   K-mer Index Building     (kmer_index_builder.hpp    : 460)   Building perfect hash indices
  0:00:00.529     1M / 91M   INFO   K-mer Index Building     (kmer_index_builder.hpp    : 496)   Index built. Total 16498 kmers, 12688 bytes occupied (6.1525 bits per kmer).
  0:00:00.529     1M / 91M   INFO    General                 (edge_index_builders.hpp   : 253)   Collecting edge information from graph, this takes a while.
  0:00:00.530     1M / 91M   INFO    General                 (graph_pack_helpers.cpp    :  54)   Normalizing k-mer map. Total 0 kmers to process
  0:00:00.530     1M / 91M   INFO    General                 (kmer_mapper.hpp           :  87)   Total 0 kmers with non-trivial roots
  0:00:00.530     1M / 91M   INFO    General                 (graph_pack_helpers.cpp    :  56)   Normalizing done
  0:00:00.530     1M / 91M   INFO    General                 (mismatch_correction.cpp   : 421)   Collect potential mismatches
  0:00:00.530     1M / 91M   INFO    General                 (mismatch_correction.cpp   : 215)   Total 0 edges (out of 2) with 0 potential mismatch positions (nan positions per edge)
  0:00:00.530     1M / 91M   INFO    General                 (mismatch_correction.cpp   : 423)   Potential mismatches collected
  0:00:00.531     1M / 91M   INFO    General                 (sequence_mapper_notifier.h:  80)   Starting sequence mapping
  0:00:00.541     1M / 91M   INFO    General                 (sequence_mapper_notifier.h: 120)   Total 37332 reads processed
  0:00:00.541     1M / 91M   INFO    General                 (mismatch_correction.cpp   : 416)   All edges processed
  0:00:00.542     1M / 91M   INFO    General                 (mismatch_correction.cpp   : 471)   Corrected 0 nucleotides
  0:00:00.542     1M / 91M   INFO   StageManager             (stage.cpp                 : 212)   STAGE == Contig Output (id: contig_output)
  0:00:00.542     1M / 91M   INFO    General                 (contig_output.hpp         :  20)   Outputting contigs to "/Users/yvonnelin/Desktop/mitochime/data/assemblies_spades/10K_lemuru15_gb_filtered/K115/before_rr.fasta"
  0:00:00.542     1M / 91M   INFO    General                 (contig_output_stage.cpp   : 159)   Writing GFA graph to "/Users/yvonnelin/Desktop/mitochime/data/assemblies_spades/10K_lemuru15_gb_filtered/K115/assembly_graph_after_simplification.gfa"
  0:00:00.542     1M / 91M   INFO   StageManager             (stage.cpp                 : 212)   STAGE == Paired Information Counting (id: late_pair_info_count)
  0:00:00.542     1M / 91M   INFO    General                 (graph_pack_helpers.cpp    :  54)   Normalizing k-mer map. Total 0 kmers to process
  0:00:00.542     1M / 91M   INFO    General                 (graph_pack_helpers.cpp    :  56)   Normalizing done
  0:00:00.542     1M / 91M   INFO    General                 (pair_info_count.cpp       : 165)   Min edge length for estimation: 16498
  0:00:00.543     1M / 91M   INFO    General                 (pair_info_count.cpp       : 176)   Estimating insert size for library #0
  0:00:00.543     1M / 91M   INFO    General                 (pair_info_count.cpp       :  41)   Selecting usual mapper
  0:00:00.543     1M / 91M   INFO    General                 (paired_info_utils.cpp     : 102)   Estimating insert size (takes a while)
  0:00:00.559   145M / 212M  INFO    General                 (sequence_mapper_notifier.h:  80)   Starting sequence mapping
  0:00:00.654   145M / 212M  INFO    General                 (sequence_mapper_notifier.h: 120)   Total 9305 reads processed
  0:00:00.694   145M / 212M  INFO    General                 (paired_info_utils.cpp     : 119)   Edge pairs: 2
  0:00:00.695   145M / 212M  INFO    General                 (paired_info_utils.cpp     : 123)   8575 paired reads (92.1548% of all) aligned to long edges
  0:00:00.695     1M / 212M  INFO    General                 (pair_info_count.cpp       : 200)     Insert size = 500.07, deviation = 50.0453, left quantile = 437, right quantile = 564, read length = 150
  0:00:00.696     1M / 212M  INFO    General                 (pair_info_count.cpp       : 211)   Filtering data for library #0
  0:00:00.696     1M / 212M  INFO    General                 (pair_info_count.cpp       :  41)   Selecting usual mapper
  0:00:00.697     1M / 212M  INFO    General                 (sequence_mapper_notifier.h:  80)   Starting sequence mapping
  0:00:00.703     1M / 212M  INFO    General                 (sequence_mapper_notifier.h: 120)   Total 9305 reads processed
  0:00:00.703     1M / 212M  INFO    General                 (pair_info_count.cpp       : 216)   Mapping library #0
  0:00:00.704     1M / 212M  INFO    General                 (pair_info_count.cpp       : 218)   Mapping paired reads (takes a while)
  0:00:00.704     1M / 212M  INFO    General                 (pair_info_count.cpp       :  41)   Selecting usual mapper
  0:00:00.704     1M / 212M  INFO    General                 (paired_info_utils.cpp     : 155)   Left insert size quantile 437, right insert size quantile 564, filtering threshold 2, rounding threshold 0
  0:00:00.705    14M / 212M  INFO    General                 (sequence_mapper_notifier.h:  80)   Starting sequence mapping
  0:00:00.720    14M / 212M  INFO    General                 (sequence_mapper_notifier.h: 120)   Total 9305 reads processed
  0:00:00.722     1M / 212M  INFO   StageManager             (stage.cpp                 : 212)   STAGE == Distance Estimation (id: distance_estimation)
  0:00:00.722     1M / 212M  INFO    General                 (distance_estimation.cpp   :  75)   Processing library #0
  0:00:00.722     1M / 212M  INFO    General                 (distance_estimation_utils.:  23)   Estimating distances
  0:00:00.722     1M / 212M  INFO   DistanceEstimator        (distance_estimation.hpp   : 132)   Using SIMPLE distance estimator
  0:00:00.724     1M / 213M  INFO    General                 (distance_estimation_utils.: 137)   Refining clustered pair information
  0:00:00.724     1M / 213M  INFO    General                 (distance_estimation_utils.: 139)   The refining of clustered pair information has been finished
  0:00:00.724     1M / 213M  INFO    General                 (distance_estimation_utils.: 141)   Improving paired information
  0:00:00.726     1M / 213M  INFO   PairInfoImprover         (pair_info_improver.hpp    :  81)   Paired info stats: missing = 0; contradictional = 0
  0:00:00.729     1M / 213M  INFO   PairInfoImprover         (pair_info_improver.hpp    :  81)   Paired info stats: missing = 0; contradictional = 0
  0:00:00.729     1M / 213M  INFO    General                 (distance_estimation_utils.:  81)   Filling scaffolding index
  0:00:00.729     1M / 213M  INFO    General                 (distance_estimation_utils.:  23)   Estimating distances
  0:00:00.729     1M / 213M  INFO   DistanceEstimator        (distance_estimation.hpp   : 132)   Using SMOOTHING distance estimator
  0:00:00.730     1M / 213M  INFO    General                 (distance_estimation.cpp   :  84)   Clearing raw paired index
  0:00:00.731     1M / 213M  INFO   StageManager             (stage.cpp                 : 212)   STAGE == Repeat Resolving (id: repeat_resolving)
  0:00:00.731     1M / 213M  INFO    General                 (repeat_resolving.cpp      :  88)   Using Path-Extend repeat resolving
  0:00:00.731     1M / 213M  INFO    General                 (launcher.cpp              : 632)   ExSPAnder repeat resolving tool started
  0:00:00.731     1M / 213M  INFO    General                 (coverage_uniformity_analyz:  25)   genomic coverage is 38.005 calculated of length 16498
  0:00:00.731     1M / 213M  INFO    General                 (launcher.cpp              : 440)   Creating main extenders, unique edge length = 2000
  0:00:00.731     1M / 213M  INFO    General                 (extenders_logic.cpp       : 341)   Estimated coverage of library #0 is 38.005
  0:00:00.731     1M / 213M  INFO    General                 (extenders_logic.cpp       : 352)   Creating extender; library index size: 2
  0:00:00.731     1M / 213M  INFO    General                 (extenders_logic.cpp       : 341)   Estimated coverage of library #0 is 38.005
  0:00:00.731     1M / 213M  INFO    General                 (extenders_logic.cpp       : 352)   Creating extender; library index size: 2
  0:00:00.731     1M / 213M  INFO    General                 (extenders_logic.cpp       : 550)   Using 1 paired-end library
  0:00:00.732     1M / 213M  INFO    General                 (extenders_logic.cpp       : 551)   Using 1 paired-end scaffolding library
  0:00:00.732     1M / 213M  INFO    General                 (extenders_logic.cpp       : 552)   Using 0 single read libraries
  0:00:00.732     1M / 213M  INFO    General                 (launcher.cpp              : 469)   Total number of extenders is 3
  0:00:00.732     1M / 213M  INFO    General                 (launcher.cpp              : 260)   Finalizing paths
  0:00:00.732     1M / 213M  INFO    General                 (launcher.cpp              : 262)   Deduplicating paths
  0:00:00.732     1M / 213M  INFO    General                 (launcher.cpp              : 266)   Paths deduplicated
  0:00:00.732     1M / 213M  INFO   PEResolver               (pe_resolver.cpp           :  70)   Removing overlaps
  0:00:00.732     1M / 213M  INFO   PEResolver               (pe_resolver.cpp           :  73)   Sorting paths
  0:00:00.732     1M / 213M  INFO   PEResolver               (pe_resolver.cpp           :  80)   Marking overlaps
  0:00:00.732     1M / 213M  INFO   OverlapRemover           (overlap_remover.hpp       : 120)   Marking start/end overlaps
  0:00:00.732     1M / 213M  INFO   OverlapRemover           (overlap_remover.hpp       : 123)   Marking remaining overlaps
  0:00:00.732     1M / 213M  INFO   PEResolver               (pe_resolver.cpp           :  83)   Splitting paths
  0:00:00.732     1M / 213M  INFO   PEResolver               (pe_resolver.cpp           :  88)   Deduplicating paths
  0:00:00.732     1M / 213M  INFO   PEResolver               (pe_resolver.cpp           :  90)   Overlaps removed
  0:00:00.732     1M / 213M  INFO    General                 (launcher.cpp              : 283)   Paths finalized
  0:00:00.732     1M / 213M  INFO    General                 (launcher.cpp              : 478)   Closing gaps in paths
  0:00:00.733     1M / 213M  INFO    General                 (launcher.cpp              : 508)   Gap closing completed
  0:00:00.733     1M / 213M  INFO    General                 (launcher.cpp              : 316)   Traversing tandem repeats
  0:00:00.733     1M / 213M  INFO    General                 (launcher.cpp              : 326)   Traversed 0 loops
  0:00:00.733     1M / 213M  INFO    General                 (launcher.cpp              : 260)   Finalizing paths
  0:00:00.733     1M / 213M  INFO    General                 (launcher.cpp              : 262)   Deduplicating paths
  0:00:00.733     1M / 213M  INFO    General                 (launcher.cpp              : 266)   Paths deduplicated
  0:00:00.733     1M / 213M  INFO   PEResolver               (pe_resolver.cpp           :  70)   Removing overlaps
  0:00:00.733     1M / 213M  INFO   PEResolver               (pe_resolver.cpp           :  73)   Sorting paths
  0:00:00.733     1M / 213M  INFO   PEResolver               (pe_resolver.cpp           :  80)   Marking overlaps
  0:00:00.733     1M / 213M  INFO   OverlapRemover           (overlap_remover.hpp       : 120)   Marking start/end overlaps
  0:00:00.733     1M / 213M  INFO   OverlapRemover           (overlap_remover.hpp       : 123)   Marking remaining overlaps
  0:00:00.733     1M / 213M  INFO   PEResolver               (pe_resolver.cpp           :  83)   Splitting paths
  0:00:00.733     1M / 213M  INFO   PEResolver               (pe_resolver.cpp           :  88)   Deduplicating paths
  0:00:00.733     1M / 213M  INFO   PEResolver               (pe_resolver.cpp           :  90)   Overlaps removed
  0:00:00.733     1M / 213M  INFO    General                 (launcher.cpp              : 283)   Paths finalized
  0:00:00.733     1M / 213M  INFO    General                 (launcher.cpp              : 697)   ExSPAnder repeat resolving tool finished
  0:00:00.734     1M / 213M  INFO   StageManager             (stage.cpp                 : 212)   STAGE == Contig Output (id: contig_output)
  0:00:00.734     1M / 213M  INFO    General                 (contig_output.hpp         :  20)   Outputting contigs to "/Users/yvonnelin/Desktop/mitochime/data/assemblies_spades/10K_lemuru15_gb_filtered/K115/before_rr.fasta"
  0:00:00.734     1M / 213M  INFO    General                 (contig_output_stage.cpp   : 159)   Writing GFA graph to "/Users/yvonnelin/Desktop/mitochime/data/assemblies_spades/10K_lemuru15_gb_filtered/K115/assembly_graph_with_scaffolds.gfa"
  0:00:00.734     1M / 213M  INFO    General                 (contig_output_stage.cpp   : 175)   Outputting FastG graph to "/Users/yvonnelin/Desktop/mitochime/data/assemblies_spades/10K_lemuru15_gb_filtered/K115/assembly_graph.fastg"
  0:00:00.734     1M / 213M  INFO    General                 (contig_output_stage.cpp   : 210)   Breaking scaffolds
  0:00:00.734     1M / 213M  INFO    General                 (contig_output_stage.cpp   : 101)   Outputting contigs to /Users/yvonnelin/Desktop/mitochime/data/assemblies_spades/10K_lemuru15_gb_filtered/K115/final_contigs.fasta
  0:00:00.735     1M / 213M  INFO    General                 (contig_output_stage.cpp   : 107)   Outputting FastG paths to /Users/yvonnelin/Desktop/mitochime/data/assemblies_spades/10K_lemuru15_gb_filtered/K115/final_contigs.paths
  0:00:00.735     1M / 213M  INFO    General                 (contig_output_stage.cpp   : 101)   Outputting contigs to /Users/yvonnelin/Desktop/mitochime/data/assemblies_spades/10K_lemuru15_gb_filtered/K115/scaffolds.fasta
  0:00:00.735     1M / 213M  INFO    General                 (contig_output_stage.cpp   : 107)   Outputting FastG paths to /Users/yvonnelin/Desktop/mitochime/data/assemblies_spades/10K_lemuru15_gb_filtered/K115/scaffolds.paths
  0:00:00.735     1M / 213M  INFO    General                 (contig_output_stage.cpp   : 114)   Populating GFA with scaffold paths
  0:00:00.736     1M / 213M  INFO    General                 (pipeline.cpp              : 303)   SPAdes finished
  0:00:00.736     1M / 213M  INFO    General                 (main.cpp                  : 131)   Assembling time: 0 hours 0 minutes 0 seconds

===== K115 finished. 


===== Copy files started. 


== Running: /Users/yvonnelin/miniconda3/envs/mitochime/bin/python3 /Users/yvonnelin/miniconda3/envs/mitochime/share/spades/spades_pipeline/scripts/copy_files.py /Users/yvonnelin/Desktop/mitochime/data/assemblies_spades/10K_lemuru15_gb_filtered/K115/before_rr.fasta /Users/yvonnelin/Desktop/mitochime/data/assemblies_spades/10K_lemuru15_gb_filtered/before_rr.fasta /Users/yvonnelin/Desktop/mitochime/data/assemblies_spades/10K_lemuru15_gb_filtered/K115/assembly_graph_after_simplification.gfa /Users/yvonnelin/Desktop/mitochime/data/assemblies_spades/10K_lemuru15_gb_filtered/assembly_graph_after_simplification.gfa /Users/yvonnelin/Desktop/mitochime/data/assemblies_spades/10K_lemuru15_gb_filtered/K115/final_contigs.fasta /Users/yvonnelin/Desktop/mitochime/data/assemblies_spades/10K_lemuru15_gb_filtered/contigs.fasta /Users/yvonnelin/Desktop/mitochime/data/assemblies_spades/10K_lemuru15_gb_filtered/K115/first_pe_contigs.fasta /Users/yvonnelin/Desktop/mitochime/data/assemblies_spades/10K_lemuru15_gb_filtered/first_pe_contigs.fasta /Users/yvonnelin/Desktop/mitochime/data/assemblies_spades/10K_lemuru15_gb_filtered/K115/strain_graph.gfa /Users/yvonnelin/Desktop/mitochime/data/assemblies_spades/10K_lemuru15_gb_filtered/strain_graph.gfa /Users/yvonnelin/Desktop/mitochime/data/assemblies_spades/10K_lemuru15_gb_filtered/K115/scaffolds.fasta /Users/yvonnelin/Desktop/mitochime/data/assemblies_spades/10K_lemuru15_gb_filtered/scaffolds.fasta /Users/yvonnelin/Desktop/mitochime/data/assemblies_spades/10K_lemuru15_gb_filtered/K115/scaffolds.paths /Users/yvonnelin/Desktop/mitochime/data/assemblies_spades/10K_lemuru15_gb_filtered/scaffolds.paths /Users/yvonnelin/Desktop/mitochime/data/assemblies_spades/10K_lemuru15_gb_filtered/K115/assembly_graph_with_scaffolds.gfa /Users/yvonnelin/Desktop/mitochime/data/assemblies_spades/10K_lemuru15_gb_filtered/assembly_graph_with_scaffolds.gfa /Users/yvonnelin/Desktop/mitochime/data/assemblies_spades/10K_lemuru15_gb_filtered/K115/assembly_graph.fastg /Users/yvonnelin/Desktop/mitochime/data/assemblies_spades/10K_lemuru15_gb_filtered/assembly_graph.fastg /Users/yvonnelin/Desktop/mitochime/data/assemblies_spades/10K_lemuru15_gb_filtered/K115/final_contigs.paths /Users/yvonnelin/Desktop/mitochime/data/assemblies_spades/10K_lemuru15_gb_filtered/contigs.paths


===== Copy files finished. 


===== Assembling finished. 


===== Breaking scaffolds started. 


== Running: /Users/yvonnelin/miniconda3/envs/mitochime/bin/python3 /Users/yvonnelin/miniconda3/envs/mitochime/share/spades/spades_pipeline/scripts/breaking_scaffolds_script.py --result_scaffolds_filename /Users/yvonnelin/Desktop/mitochime/data/assemblies_spades/10K_lemuru15_gb_filtered/scaffolds.fasta --misc_dir /Users/yvonnelin/Desktop/mitochime/data/assemblies_spades/10K_lemuru15_gb_filtered/misc --threshold_for_breaking_scaffolds 3


===== Breaking scaffolds finished. 


===== Terminate started. 


===== Terminate finished. 

 * Corrected reads are in /Users/yvonnelin/Desktop/mitochime/data/assemblies_spades/10K_lemuru15_gb_filtered/corrected/
 * Assembled contigs are in /Users/yvonnelin/Desktop/mitochime/data/assemblies_spades/10K_lemuru15_gb_filtered/contigs.fasta
 * Assembled scaffolds are in /Users/yvonnelin/Desktop/mitochime/data/assemblies_spades/10K_lemuru15_gb_filtered/scaffolds.fasta
 * Paths in the assembly graph corresponding to the contigs are in /Users/yvonnelin/Desktop/mitochime/data/assemblies_spades/10K_lemuru15_gb_filtered/contigs.paths
 * Paths in the assembly graph corresponding to the scaffolds are in /Users/yvonnelin/Desktop/mitochime/data/assemblies_spades/10K_lemuru15_gb_filtered/scaffolds.paths
 * Assembly graph is in /Users/yvonnelin/Desktop/mitochime/data/assemblies_spades/10K_lemuru15_gb_filtered/assembly_graph.fastg
 * Assembly graph in GFA format is in /Users/yvonnelin/Desktop/mitochime/data/assemblies_spades/10K_lemuru15_gb_filtered/assembly_graph_with_scaffolds.gfa

======= SPAdes pipeline finished WITH WARNINGS!

=== Error correction and assembling warnings:
 * 0:00:00.000     1M / 12M   WARN    General                 (memory_limit.cpp          :  53)   Failed to limit memory to 250 Gb, setrlimit(2) call failed, errno = 22 (Invalid argument). Watch your memory consumption!
======= Warnings saved to /Users/yvonnelin/Desktop/mitochime/data/assemblies_spades/10K_lemuru15_gb_filtered/warnings.log

SPAdes log can be found here: /Users/yvonnelin/Desktop/mitochime/data/assemblies_spades/10K_lemuru15_gb_filtered/spades.log

Thank you for using SPAdes! If you use it in your research, please cite:

  Prjibelski, A., Antipov, D., Meleshko, D., Lapidus, A. and Korobeynikov, A., 2020. Using SPAdes de novo assembler. Current protocols in bioinformatics, 70(1), p.e102.
  doi.org/10.1002/cpbi.102

