Command line: /Users/yvonnelin/miniconda3/envs/mitochime/bin/spades.py	-1	/Users/yvonnelin/Desktop/mitochime/data/filtered_reads/3200_gibbosa15_gb/3200_gibbosa15_gb.gb.filtered_R1.fastq.gz	-2	/Users/yvonnelin/Desktop/mitochime/data/filtered_reads/3200_gibbosa15_gb/3200_gibbosa15_gb.gb.filtered_R2.fastq.gz	-o	/Users/yvonnelin/Desktop/mitochime/data/assemblies_spades/3200_gibbosa15_gb_filtered	-t	8	-k	115	

System information:
  SPAdes version: 4.2.0
  Python version: 3.11.13
  OS: macOS-15.6.1-arm64-arm-64bit

Output dir: /Users/yvonnelin/Desktop/mitochime/data/assemblies_spades/3200_gibbosa15_gb_filtered
Mode: read error correction and assembling
Debug mode is turned OFF

Dataset parameters:
  Standard mode
  For multi-cell/isolate data we recommend to use '--isolate' option; for single-cell MDA data use '--sc'; for metagenomic data use '--meta'; for RNA-Seq use '--rna'.
  Reads:
    Library number: 1, library type: paired-end
      orientation: fr
      left reads: ['/Users/yvonnelin/Desktop/mitochime/data/filtered_reads/3200_gibbosa15_gb/3200_gibbosa15_gb.gb.filtered_R1.fastq.gz']
      right reads: ['/Users/yvonnelin/Desktop/mitochime/data/filtered_reads/3200_gibbosa15_gb/3200_gibbosa15_gb.gb.filtered_R2.fastq.gz']
      interlaced reads: not specified
      single reads: not specified
      merged reads: not specified
Read error correction parameters:
  Iterations: 1
  PHRED offset will be auto-detected
  Corrected reads will be compressed
Assembly parameters:
  k: [115]
  Repeat resolution is enabled
  Mismatch careful mode is turned OFF
  MismatchCorrector will be SKIPPED
  Coverage cutoff is turned OFF
  Assembly graph output will use GFA v1.2 format
Other parameters:
  Dir for temp files: /Users/yvonnelin/Desktop/mitochime/data/assemblies_spades/3200_gibbosa15_gb_filtered/tmp
  Threads: 8
  Memory limit (in Gb): 250


======= SPAdes pipeline started. Log can be found here: /Users/yvonnelin/Desktop/mitochime/data/assemblies_spades/3200_gibbosa15_gb_filtered/spades.log

/Users/yvonnelin/Desktop/mitochime/data/filtered_reads/3200_gibbosa15_gb/3200_gibbosa15_gb.gb.filtered_R1.fastq.gz: max reads length: 150
/Users/yvonnelin/Desktop/mitochime/data/filtered_reads/3200_gibbosa15_gb/3200_gibbosa15_gb.gb.filtered_R2.fastq.gz: max reads length: 150

Reads length: 150


===== Before start started. 


===== Read error correction started. 


===== Read error correction started. 


== Running: /Users/yvonnelin/miniconda3/envs/mitochime/bin/spades-hammer /Users/yvonnelin/Desktop/mitochime/data/assemblies_spades/3200_gibbosa15_gb_filtered/corrected/configs/config.info

  0:00:00.000     1M / 11M   INFO    General                 (main.cpp                  :  76)   Starting BayesHammer, built from N/A, git revision N/A
  0:00:00.000     1M / 11M   INFO    General                 (main.cpp                  :  77)   Loading config from "/Users/yvonnelin/Desktop/mitochime/data/assemblies_spades/3200_gibbosa15_gb_filtered/corrected/configs/config.info"
  0:00:00.001     1M / 12M   INFO    General                 (main.cpp                  :  79)   Maximum # of threads to use (adjusted due to OMP capabilities): 8
  0:00:00.001     1M / 12M   WARN    General                 (memory_limit.cpp          :  53)   Failed to limit memory to 250 Gb, setrlimit(2) call failed, errno = 22 (Invalid argument). Watch your memory consumption!
  0:00:00.001     1M / 12M   INFO    General                 (main.cpp                  :  87)   Trying to determine PHRED offset
  0:00:00.001     1M / 12M   INFO    General                 (main.cpp                  :  93)   Determined value is 33
  0:00:00.001     1M / 12M   INFO    General                 (hammer_tools.cpp          :  40)   Hamming graph threshold tau=1, k=21, subkmer positions = [ 0 10 ]
  0:00:00.001     1M / 12M   INFO    General                 (main.cpp                  : 114)   Size of aux. kmer data 24 bytes
     === ITERATION 0 begins ===
  0:00:00.001     1M / 12M   INFO    General                 (kmer_index_builder.hpp    : 308)   Splitting kmer instances into 16 files using 8 threads. This might take a while.
  0:00:00.002     1M / 12M   INFO    General                 (file_limit.hpp            :  43)   Open file limit set to 10240
  0:00:00.002     1M / 12M   INFO    General                 (kmer_splitter.hpp         :  96)   Memory available for splitting buffers: 3.57914e+08 Gb
  0:00:00.002     1M / 12M   INFO    General                 (kmer_splitter.hpp         : 104)   Using cell size of 4194304
  0:00:00.003  4609M / 4609M INFO   K-mer Splitting          (kmer_data.cpp             :  98)   Processing "/Users/yvonnelin/Desktop/mitochime/data/filtered_reads/3200_gibbosa15_gb/3200_gibbosa15_gb.gb.filtered_R1.fastq.gz"
  0:00:00.009  4609M / 4609M INFO   K-mer Splitting          (kmer_data.cpp             :  98)   Processing "/Users/yvonnelin/Desktop/mitochime/data/filtered_reads/3200_gibbosa15_gb/3200_gibbosa15_gb.gb.filtered_R2.fastq.gz"
  0:00:00.014  4609M / 4609M INFO   K-mer Splitting          (kmer_data.cpp             : 113)   Total 540 reads processed
  0:00:00.016     1M / 14M   INFO    General                 (kmer_index_builder.hpp    : 314)   Starting k-mer counting.
  0:00:00.018     1M / 14M   INFO    General                 (kmer_index_builder.hpp    : 325)   K-mer counting done. There are 89500 kmers in total.
  0:00:00.018     1M / 14M   INFO   K-mer Index Building     (kmer_index_builder.hpp    : 460)   Building perfect hash indices
  0:00:00.020     1M / 15M   INFO   K-mer Index Building     (kmer_index_builder.hpp    : 496)   Index built. Total 89500 kmers, 76792 bytes occupied (6.86409 bits per kmer).
  0:00:00.020     1M / 15M   INFO   K-mer Counting           (kmer_data.cpp             : 355)   Arranging kmers in hash map order
  0:00:00.023     2M / 16M   INFO    General                 (main.cpp                  : 149)   Clustering Hamming graph.
  0:00:00.071     2M / 16M   INFO    General                 (main.cpp                  : 156)   Extracting clusters:
  0:00:00.071     2M / 16M   INFO    General                 (concurrent_dsu.cpp        :  19)   Connecting to root
  0:00:00.071     2M / 16M   INFO    General                 (concurrent_dsu.cpp        :  35)   Calculating counts
  0:00:00.073     3M / 17M   INFO    General                 (concurrent_dsu.cpp        :  64)   Writing down entries
  0:00:00.076     2M / 18M   INFO    General                 (main.cpp                  : 168)   Clustering done. Total clusters: 48128
  0:00:00.076     1M / 18M   INFO   K-mer Counting           (kmer_data.cpp             : 372)   Collecting K-mer information, this takes a while.
  0:00:00.077     4M / 18M   INFO   K-mer Counting           (kmer_data.cpp             : 378)   Processing "/Users/yvonnelin/Desktop/mitochime/data/filtered_reads/3200_gibbosa15_gb/3200_gibbosa15_gb.gb.filtered_R1.fastq.gz"
  0:00:00.080     4M / 18M   INFO   K-mer Counting           (kmer_data.cpp             : 378)   Processing "/Users/yvonnelin/Desktop/mitochime/data/filtered_reads/3200_gibbosa15_gb/3200_gibbosa15_gb.gb.filtered_R2.fastq.gz"
  0:00:00.083     4M / 18M   INFO   K-mer Counting           (kmer_data.cpp             : 385)   Collection done, postprocessing.
  0:00:00.083     4M / 18M   INFO   K-mer Counting           (kmer_data.cpp             : 399)   There are 89500 kmers in total. Among them 75564 (84.4291%) are singletons.
  0:00:00.083     4M / 18M   INFO    General                 (main.cpp                  : 174)   Subclustering Hamming graph
  0:00:00.091     4M / 20M   INFO   Hamming Subclustering    (kmer_cluster.cpp          : 637)   Subclustering done. Total 0 non-read kmers were generated.
  0:00:00.091     4M / 20M   INFO   Hamming Subclustering    (kmer_cluster.cpp          : 638)   Subclustering statistics:
  0:00:00.092     4M / 20M   INFO   Hamming Subclustering    (kmer_cluster.cpp          : 639)     Total singleton hamming clusters: 36792. Among them 9410 (25.5762%) are good
  0:00:00.092     4M / 20M   INFO   Hamming Subclustering    (kmer_cluster.cpp          : 640)     Total singleton subclusters: 0. Among them 0 (nan%) are good
  0:00:00.092     4M / 20M   INFO   Hamming Subclustering    (kmer_cluster.cpp          : 641)     Total non-singleton subcluster centers: 11336. Among them 1998 (17.6253%) are good
  0:00:00.092     4M / 20M   INFO   Hamming Subclustering    (kmer_cluster.cpp          : 642)     Average size of non-trivial subcluster: 4.64961 kmers
  0:00:00.092     4M / 20M   INFO   Hamming Subclustering    (kmer_cluster.cpp          : 643)     Average number of sub-clusters per non-singleton cluster: 1
  0:00:00.092     4M / 20M   INFO   Hamming Subclustering    (kmer_cluster.cpp          : 644)     Total solid k-mers: 11408
  0:00:00.092     4M / 20M   INFO   Hamming Subclustering    (kmer_cluster.cpp          : 645)     Substitution probabilities: (     0.945203    0.0283861  6.24164e-05    0.0263486 )
(    0.0261652      0.94786    0.0258992  7.59925e-05 )
(  3.79862e-05    0.0237224     0.947722    0.0285181 )
(    0.0248207  3.58163e-05    0.0262131      0.94893 )
  0:00:00.092     4M / 19M   INFO    General                 (main.cpp                  : 179)   Finished clustering.
  0:00:00.092     4M / 19M   INFO    General                 (main.cpp                  : 198)   Starting solid k-mers expansion in 8 threads.
  0:00:00.094     4M / 19M   INFO    General                 (main.cpp                  : 219)   Solid k-mers iteration 0 produced 175 new k-mers.
  0:00:00.096     4M / 19M   INFO    General                 (main.cpp                  : 219)   Solid k-mers iteration 1 produced 0 new k-mers.
  0:00:00.096     4M / 19M   INFO    General                 (main.cpp                  : 223)   Solid k-mers finalized
  0:00:00.097     4M / 19M   INFO    General                 (hammer_tools.cpp          : 226)   Starting read correction in 8 threads.
  0:00:00.097     4M / 19M   INFO    General                 (hammer_tools.cpp          : 239)   Correcting pair of reads: "/Users/yvonnelin/Desktop/mitochime/data/filtered_reads/3200_gibbosa15_gb/3200_gibbosa15_gb.gb.filtered_R1.fastq.gz" and "/Users/yvonnelin/Desktop/mitochime/data/filtered_reads/3200_gibbosa15_gb/3200_gibbosa15_gb.gb.filtered_R2.fastq.gz"
  0:00:00.118   140M / 154M  INFO    General                 (hammer_tools.cpp          : 173)   Prepared batch 0 of 270 reads.
  0:00:00.125   140M / 154M  INFO    General                 (hammer_tools.cpp          : 180)   Processed batch 0
  0:00:00.127   140M / 154M  INFO    General                 (hammer_tools.cpp          : 190)   Written batch 0
  0:00:00.141     4M / 20M   INFO    General                 (hammer_tools.cpp          : 280)   Correction done. Changed 2042 bases in 353 reads.
  0:00:00.141     4M / 20M   INFO    General                 (hammer_tools.cpp          : 281)   Failed to correct 0 bases out of 80992.
  0:00:00.142     1M / 20M   INFO    General                 (main.cpp                  : 256)   Saving corrected dataset description to /Users/yvonnelin/Desktop/mitochime/data/assemblies_spades/3200_gibbosa15_gb_filtered/corrected/corrected.yaml
  0:00:00.142     1M / 20M   INFO    General                 (main.cpp                  : 263)   All done. Exiting.

===== Read error correction finished. 


===== corrected reads compression started. 


== Running: /Users/yvonnelin/miniconda3/envs/mitochime/bin/python3 /Users/yvonnelin/miniconda3/envs/mitochime/share/spades/spades_pipeline/scripts/compress_all.py --input_file /Users/yvonnelin/Desktop/mitochime/data/assemblies_spades/3200_gibbosa15_gb_filtered/corrected/corrected.yaml --ext_python_modules_home /Users/yvonnelin/miniconda3/envs/mitochime/share/spades --max_threads 8 --output_dir /Users/yvonnelin/Desktop/mitochime/data/assemblies_spades/3200_gibbosa15_gb_filtered/corrected --gzip_output

== Compressing corrected reads (with pigz)
== Files to compress: ['/Users/yvonnelin/Desktop/mitochime/data/assemblies_spades/3200_gibbosa15_gb_filtered/corrected/3200_gibbosa15_gb.gb.filtered_R1.fastq00.0_0.cor.fastq', '/Users/yvonnelin/Desktop/mitochime/data/assemblies_spades/3200_gibbosa15_gb_filtered/corrected/3200_gibbosa15_gb.gb.filtered_R2.fastq00.0_0.cor.fastq', '/Users/yvonnelin/Desktop/mitochime/data/assemblies_spades/3200_gibbosa15_gb_filtered/corrected/3200_gibbosa15_gb.gb.filtered_R_unpaired00.0_0.cor.fastq']
== Files compression is finished
== Dataset yaml file is updated

===== corrected reads compression finished. 


===== Read error correction finished. 


===== Assembling started. 


===== K115 started. 


== Running: /Users/yvonnelin/miniconda3/envs/mitochime/bin/spades-core /Users/yvonnelin/Desktop/mitochime/data/assemblies_spades/3200_gibbosa15_gb_filtered/K115/configs/config.info

  0:00:00.000     1M / 13M   INFO    General                 (main.cpp                  :  94)   Loaded config from "/Users/yvonnelin/Desktop/mitochime/data/assemblies_spades/3200_gibbosa15_gb_filtered/K115/configs/config.info"
  0:00:00.000     1M / 13M   WARN    General                 (memory_limit.cpp          :  53)   Failed to limit memory to 250 Gb, setrlimit(2) call failed, errno = 22 (Invalid argument). Watch your memory consumption!
  0:00:00.000     1M / 13M   INFO    General                 (main.cpp                  : 102)   Starting SPAdes, built from N/A, git revision N/A
  0:00:00.000     1M / 13M   INFO    General                 (main.cpp                  : 103)   Maximum k-mer length: 128
  0:00:00.000     1M / 13M   INFO    General                 (main.cpp                  : 104)   Assembling dataset ("/Users/yvonnelin/Desktop/mitochime/data/assemblies_spades/3200_gibbosa15_gb_filtered/dataset.info") with K=115
  0:00:00.000     1M / 13M   INFO    General                 (main.cpp                  : 105)   Maximum # of threads to use (adjusted due to OMP capabilities): 8
  0:00:00.000     1M / 13M   INFO    General                 (pipeline.cpp              : 221)   SPAdes started
  0:00:00.000     1M / 13M   INFO    General                 (pipeline.cpp              : 234)   Starting from stage: read_conversion
  0:00:00.000     1M / 13M   INFO    General                 (pipeline.cpp              : 245)   Two-step repeat resolution disabled
  0:00:00.000     1M / 13M   INFO   GraphCore                (graph_core.hpp            : 689)   Graph created, vertex min_id: 3, edge min_id: 3
  0:00:00.000     1M / 13M   INFO   GraphCore                (graph_core.hpp            : 690)   Vertex size: 48, edge size: 40
  0:00:00.000     1M / 13M   INFO    General                 (edge_index.hpp            : 134)   Size of edge index entries: 12/8
  0:00:00.000     1M / 13M   INFO    General                 (pipeline.cpp              : 256)   Will need read mapping, kmer mapper will be attached
  0:00:00.001     1M / 13M   INFO   StageManager             (stage.cpp                 : 212)   STAGE == Binary Read Conversion (id: read_conversion)
  0:00:00.001     1M / 13M   INFO    General                 (read_converter.cpp        :  78)   Converting reads to binary format for library #0 (takes a while)
  0:00:00.001     1M / 13M   INFO    General                 (read_converter.cpp        :  99)   Converting paired reads
  0:00:00.004    63M / 63M   INFO    General                 (binary_converter.cpp      : 143)   208 reads written
  0:00:00.005    41M / 41M   INFO    General                 (read_converter.cpp        : 113)   Converting single reads
  0:00:00.007    71M / 71M   INFO    General                 (binary_converter.cpp      : 143)   62 reads written
  0:00:00.007    61M / 61M   INFO    General                 (read_converter.cpp        : 119)   Converting merged reads
  0:00:00.008    71M / 71M   INFO    General                 (binary_converter.cpp      : 143)   0 reads written
  0:00:00.048     1M / 35M   INFO   StageManager             (stage.cpp                 : 212)   STAGE == de Bruijn graph construction (id: construction)
  0:00:00.049     1M / 35M   INFO    General                 (construction.cpp          : 150)   Max read length 150
  0:00:00.049     1M / 35M   INFO    General                 (construction.cpp          : 156)   Average read length 149.983
  0:00:00.049     1M / 35M   INFO    General                 (stage.cpp                 : 121)   PROCEDURE == k+1-mer counting (id: construction:kpomer_counting)
  0:00:00.049     1M / 35M   INFO    General                 (kmer_index_builder.hpp    : 308)   Splitting kmer instances into 80 files using 8 threads. This might take a while.
  0:00:00.058     1M / 35M   INFO    General                 (file_limit.hpp            :  43)   Open file limit set to 10240
  0:00:00.058     1M / 35M   INFO    General                 (kmer_splitter.hpp         :  96)   Memory available for splitting buffers: 3.57914e+08 Gb
  0:00:00.059     1M / 35M   INFO    General                 (kmer_splitter.hpp         : 104)   Using cell size of 209715
  0:00:00.098     1M / 53M   INFO    General                 (kmer_splitters.hpp        : 134)   Used 956 reads
  0:00:00.110     1M / 53M   INFO    General                 (kmer_index_builder.hpp    : 314)   Starting k-mer counting.
  0:00:00.122     1M / 54M   INFO    General                 (kmer_index_builder.hpp    : 325)   K-mer counting done. There are 8283 kmers in total.
  0:00:00.122     1M / 54M   INFO    General                 (stage.cpp                 : 121)   PROCEDURE == Extension index construction (id: construction:extension_index_construction)
  0:00:00.124     1M / 54M   INFO   K-mer Index Building     (kmer_index_builder.hpp    : 503)   Building kmer index
  0:00:00.124     1M / 54M   INFO    General                 (kmer_index_builder.hpp    : 308)   Splitting kmer instances into 80 files using 8 threads. This might take a while.
  0:00:00.130     1M / 54M   INFO    General                 (file_limit.hpp            :  43)   Open file limit set to 10240
  0:00:00.130     1M / 54M   INFO    General                 (kmer_splitter.hpp         :  96)   Memory available for splitting buffers: 3.57914e+08 Gb
  0:00:00.130     1M / 54M   INFO    General                 (kmer_splitter.hpp         : 104)   Using cell size of 209715
  0:00:00.195  4641M / 4641M INFO    General                 (kmer_splitters.hpp        : 197)   Processed 8283 kmers
  0:00:00.195  4641M / 4641M INFO    General                 (kmer_splitters.hpp        : 202)   Used 8283 kmers.
  0:00:00.195     1M / 56M   INFO    General                 (kmer_index_builder.hpp    : 314)   Starting k-mer counting.
  0:00:00.218     1M / 56M   INFO    General                 (kmer_index_builder.hpp    : 325)   K-mer counting done. There are 8430 kmers in total.
  0:00:00.218     1M / 56M   INFO   K-mer Index Building     (kmer_index_builder.hpp    : 460)   Building perfect hash indices
  0:00:00.222     1M / 56M   INFO   K-mer Index Building     (kmer_index_builder.hpp    : 496)   Index built. Total 8430 kmers, 68624 bytes occupied (65.1236 bits per kmer).
  0:00:00.222     1M / 56M   INFO    General                 (kmer_index_builder.hpp    : 191)   Merging final buckets.
  0:00:00.229     1M / 56M   INFO   DeBruijnExtensionIndexBu (kmer_extension_index_build: 101)   Building k-mer extensions from k+1-mers
  0:00:00.231     1M / 56M   INFO   DeBruijnExtensionIndexBu (kmer_extension_index_build: 106)   Building k-mer extensions from k+1-mers finished.
  0:00:00.231     1M / 55M   INFO    General                 (stage.cpp                 : 121)   PROCEDURE == Condensing graph (id: construction:graph_condensing)
  0:00:00.231     1M / 55M   INFO   UnbranchingPathExtractor (debruijn_graph_constructor: 324)   Extracting unbranching paths
  0:00:00.233     1M / 55M   INFO   UnbranchingPathExtractor (debruijn_graph_constructor: 348)   Extracting unbranching paths finished. 294 sequences extracted
  0:00:00.234     1M / 55M   INFO   UnbranchingPathExtractor (debruijn_graph_constructor: 362)   Collecting perfect loops
  0:00:00.234     1M / 55M   INFO   UnbranchingPathExtractor (debruijn_graph_constructor: 395)   Collecting perfect loops finished. 0 loops collected
  0:00:00.234     1M / 55M   INFO   DeBruijnGraphConstructor (debruijn_graph_constructor: 593)   Sorting edges...
  0:00:00.234     1M / 55M   INFO   DeBruijnGraphConstructor (debruijn_graph_constructor: 598)   Edges sorted
  0:00:00.234     1M / 55M   INFO    General                 (debruijn_graph_constructor: 511)   Total 588 edges to create
  0:00:00.234     1M / 55M   INFO    General                 (debruijn_graph_constructor: 514)   Collecting link records
  0:00:00.235     1M / 55M   INFO    General                 (debruijn_graph_constructor: 519)   Ordering link records
  0:00:00.235     1M / 55M   INFO    General                 (debruijn_graph_constructor: 525)   Sorting done
  0:00:00.235     1M / 55M   INFO    General                 (debruijn_graph_constructor: 538)   Sorting LinkRecords...
  0:00:00.235     1M / 55M   INFO    General                 (debruijn_graph_constructor: 544)   LinkRecords sorted
  0:00:00.235     1M / 55M   INFO    General                 (debruijn_graph_constructor: 546)   Total 441 vertices to create
  0:00:00.235     1M / 55M   INFO    General                 (debruijn_graph_constructor: 549)   Connecting the graph
  0:00:00.236     1M / 55M   INFO    General                 (stage.cpp                 : 121)   PROCEDURE == Filling coverage indices (PHM) (id: construction:coverage_filling_phm)
  0:00:00.236     1M / 55M   INFO   K-mer Index Building     (kmer_index_builder.hpp    : 460)   Building perfect hash indices
  0:00:00.239     1M / 55M   INFO   K-mer Index Building     (kmer_index_builder.hpp    : 496)   Index built. Total 8283 kmers, 68528 bytes occupied (66.1866 bits per kmer).
  0:00:00.239     1M / 56M   INFO    General                 (coverage_hash_map_builder.:  49)   Collecting k-mer coverage information from reads, this takes a while.
  0:00:00.240     1M / 56M   INFO    General                 (construction.cpp          : 400)   Filling coverage and flanking coverage from PHM
  0:00:00.245     1M / 56M   INFO   StageManager             (stage.cpp                 : 212)   STAGE == EC Threshold Finding (id: ec_threshold_finder)
  0:00:00.246     1M / 56M   INFO    General                 (kmer_coverage_model.cpp   : 182)   Kmer coverage valley at: 6
  0:00:00.246     1M / 56M   INFO    General                 (kmer_coverage_model.cpp   : 202)   K-mer histogram maximum: 7
  0:00:00.246     1M / 56M   WARN    General                 (kmer_coverage_model.cpp   : 219)   Too many erroneous kmers, the estimates might be unreliable
  0:00:00.246     1M / 56M   INFO    General                 (kmer_coverage_model.cpp   : 238)   Estimated median coverage: 7. Coverage mad: 8.77118
  0:00:00.246     1M / 56M   INFO    General                 (kmer_coverage_model.cpp   : 260)   Fitting coverage model
  0:00:00.247     1M / 56M   INFO    General                 (kmer_coverage_model.cpp   : 296)   ... iteration 2
  0:00:00.248     1M / 56M   INFO    General                 (kmer_coverage_model.cpp   : 296)   ... iteration 4
  0:00:00.254     1M / 56M   INFO    General                 (kmer_coverage_model.cpp   : 296)   ... iteration 8
  0:00:00.267     1M / 56M   INFO    General                 (kmer_coverage_model.cpp   : 296)   ... iteration 16
  0:00:00.283     1M / 56M   INFO    General                 (kmer_coverage_model.cpp   : 310)   Fitted mean coverage: 6.65576. Fitted coverage std. dev: 2.76197
  0:00:00.283     1M / 56M   WARN    General                 (kmer_coverage_model.cpp   : 328)   Valley value was estimated improperly, reset to 1
  0:00:00.283     1M / 56M   INFO    General                 (kmer_coverage_model.cpp   : 335)   Probability of erroneous kmer at valley: 1
  0:00:00.283     1M / 56M   WARN    General                 (kmer_coverage_model.cpp   : 367)   Failed to determine erroneous kmer threshold. Threshold set to: 1
  0:00:00.283     1M / 56M   INFO    General                 (kmer_coverage_model.cpp   : 376)   Estimated genome size (ignoring repeats): 8283
  0:00:00.283     1M / 56M   INFO    General                 (genomic_info_filler.cpp   :  58)   Failed to estimate mean coverage
  0:00:00.283     1M / 56M   INFO    General                 (genomic_info_filler.cpp   :  71)   EC coverage threshold value was calculated as 1
  0:00:00.283     1M / 56M   INFO    General                 (genomic_info_filler.cpp   :  72)   Trusted kmer low bound: 0
  0:00:00.283     1M / 56M   INFO   StageManager             (stage.cpp                 : 212)   STAGE == Gap Closer (id: early_gapcloser)
  0:00:00.285    14M / 68M   INFO    General                 (edge_index.hpp            : 134)   Size of edge index entries: 12/8
  0:00:00.285    14M / 68M   INFO    General                 (gap_closer.cpp            : 117)   Total edges in tip neighborhood: 397 out of 588, length: 12207
  0:00:00.285    14M / 68M   INFO    General                 (edge_index.hpp            : 196)   Using small index (max_id = 593)
  0:00:00.286    14M / 68M   INFO   K-mer Index Building     (kmer_index_builder.hpp    : 460)   Building perfect hash indices
  0:00:00.287    14M / 69M   INFO   K-mer Index Building     (kmer_index_builder.hpp    : 496)   Index built. Total 7141 kmers, 5912 bytes occupied (6.62316 bits per kmer).
  0:00:00.287    14M / 69M   INFO    General                 (edge_index_builders.hpp   : 266)   Collecting edge information from graph, this takes a while.
  0:00:00.287    14M / 69M   INFO    General                 (sequence_mapper_notifier.h:  80)   Starting sequence mapping
  0:00:00.288    14M / 69M   INFO    General                 (sequence_mapper_notifier.h: 120)   Total 208 reads processed
  0:00:00.290    14M / 69M   INFO    General                 (gap_closer.cpp            : 505)   Initializing gap closer
  0:00:00.290    14M / 69M   INFO   GapCloser                (gap_closer.cpp            : 421)   Collecting gap candidates
  0:00:00.290    14M / 69M   INFO   GapCloser                (gap_closer.cpp            : 425)   Total 17 tips collected, total 24 connection candidates
  0:00:00.291    14M / 69M   INFO   GapCloser                (gap_closer.cpp            : 448)   Closing short gaps complete: filled 0 gaps after checking 24 candidates
  0:00:00.291    14M / 69M   INFO    General                 (gap_closer.cpp            : 510)   Gap closer done
  0:00:00.291     1M / 69M   INFO   StageManager             (stage.cpp                 : 212)   STAGE == Raw Simplification (id: raw_simplification)
  0:00:00.291     1M / 69M   INFO    General                 (simplification.cpp        : 129)   PROCEDURE == Initial cleaning
  0:00:00.291     1M / 69M   INFO    General                 (simplification.cpp        :  69)   Most init cleaning disabled since detected mean 0 was less than activation coverage 10
  0:00:00.291     1M / 69M   INFO   Simplification           (parallel_processing.hpp   : 168)   Running Self conjugate edge remover
  0:00:00.292     1M / 69M   INFO   Simplification           (parallel_processing.hpp   : 171)   Self conjugate edge remover triggered 0 times
  0:00:00.292     1M / 69M   INFO   StageManager             (stage.cpp                 : 212)   STAGE == Simplification (id: simplification)
  0:00:00.292     1M / 69M   INFO    General                 (simplification.cpp        : 397)   Graph simplification started
  0:00:00.292     1M / 69M   INFO    General                 (graph_simplification.hpp  : 646)   Creating parallel br instance
  0:00:00.292     1M / 69M   INFO    General                 (simplification.cpp        : 402)   PROCEDURE == Simplification cycle, iteration 1
  0:00:00.292     1M / 69M   INFO   Simplification           (parallel_processing.hpp   : 168)   Running Tip clipper
  0:00:00.292     1M / 69M   INFO   Simplification           (parallel_processing.hpp   : 171)   Tip clipper triggered 75 times
  0:00:00.292     1M / 69M   INFO   Simplification           (parallel_processing.hpp   : 168)   Running Bulge remover
  0:00:00.292     1M / 69M   INFO   Simplification           (parallel_processing.hpp   : 171)   Bulge remover triggered 0 times
  0:00:00.292     1M / 69M   INFO   Simplification           (parallel_processing.hpp   : 168)   Running Low coverage edge remover
  0:00:00.293     1M / 69M   INFO   Simplification           (parallel_processing.hpp   : 171)   Low coverage edge remover triggered 0 times
  0:00:00.293     1M / 69M   INFO    General                 (simplification.cpp        : 402)   PROCEDURE == Simplification cycle, iteration 2
  0:00:00.293     1M / 69M   INFO   Simplification           (parallel_processing.hpp   : 168)   Running Tip clipper
  0:00:00.293     1M / 69M   INFO   Simplification           (parallel_processing.hpp   : 171)   Tip clipper triggered 0 times
  0:00:00.293     1M / 69M   INFO   Simplification           (parallel_processing.hpp   : 168)   Running Bulge remover
  0:00:00.293     1M / 69M   INFO   Simplification           (parallel_processing.hpp   : 171)   Bulge remover triggered 0 times
  0:00:00.293     1M / 69M   INFO   Simplification           (parallel_processing.hpp   : 168)   Running Low coverage edge remover
  0:00:00.293     1M / 69M   INFO   Simplification           (parallel_processing.hpp   : 171)   Low coverage edge remover triggered 0 times
  0:00:00.293     1M / 69M   INFO    General                 (simplification.cpp        : 402)   PROCEDURE == Simplification cycle, iteration 3
  0:00:00.293     1M / 69M   INFO   Simplification           (parallel_processing.hpp   : 168)   Running Tip clipper
  0:00:00.293     1M / 69M   INFO   Simplification           (parallel_processing.hpp   : 171)   Tip clipper triggered 0 times
  0:00:00.293     1M / 69M   INFO   Simplification           (parallel_processing.hpp   : 168)   Running Bulge remover
  0:00:00.293     1M / 69M   INFO   Simplification           (parallel_processing.hpp   : 171)   Bulge remover triggered 0 times
  0:00:00.293     1M / 69M   INFO   Simplification           (parallel_processing.hpp   : 168)   Running Low coverage edge remover
  0:00:00.293     1M / 69M   INFO   Simplification           (parallel_processing.hpp   : 171)   Low coverage edge remover triggered 0 times
  0:00:00.293     1M / 69M   INFO    General                 (simplification.cpp        : 402)   PROCEDURE == Simplification cycle, iteration 4
  0:00:00.294     1M / 69M   INFO   Simplification           (parallel_processing.hpp   : 168)   Running Tip clipper
  0:00:00.294     1M / 69M   INFO   Simplification           (parallel_processing.hpp   : 171)   Tip clipper triggered 0 times
  0:00:00.294     1M / 69M   INFO   Simplification           (parallel_processing.hpp   : 168)   Running Bulge remover
  0:00:00.294     1M / 69M   INFO   Simplification           (parallel_processing.hpp   : 171)   Bulge remover triggered 0 times
  0:00:00.294     1M / 69M   INFO   Simplification           (parallel_processing.hpp   : 168)   Running Low coverage edge remover
  0:00:00.294     1M / 69M   INFO   Simplification           (parallel_processing.hpp   : 171)   Low coverage edge remover triggered 0 times
  0:00:00.294     1M / 69M   INFO    General                 (simplification.cpp        : 402)   PROCEDURE == Simplification cycle, iteration 5
  0:00:00.294     1M / 69M   INFO   Simplification           (parallel_processing.hpp   : 168)   Running Tip clipper
  0:00:00.294     1M / 69M   INFO   Simplification           (parallel_processing.hpp   : 171)   Tip clipper triggered 0 times
  0:00:00.294     1M / 69M   INFO   Simplification           (parallel_processing.hpp   : 168)   Running Bulge remover
  0:00:00.294     1M / 69M   INFO   Simplification           (parallel_processing.hpp   : 171)   Bulge remover triggered 0 times
  0:00:00.294     1M / 69M   INFO   Simplification           (parallel_processing.hpp   : 168)   Running Low coverage edge remover
  0:00:00.294     1M / 69M   INFO   Simplification           (parallel_processing.hpp   : 171)   Low coverage edge remover triggered 0 times
  0:00:00.294     1M / 69M   INFO    General                 (simplification.cpp        : 402)   PROCEDURE == Simplification cycle, iteration 6
  0:00:00.295     1M / 69M   INFO   Simplification           (parallel_processing.hpp   : 168)   Running Tip clipper
  0:00:00.295     1M / 69M   INFO   Simplification           (parallel_processing.hpp   : 171)   Tip clipper triggered 0 times
  0:00:00.295     1M / 69M   INFO   Simplification           (parallel_processing.hpp   : 168)   Running Bulge remover
  0:00:00.295     1M / 69M   INFO   Simplification           (parallel_processing.hpp   : 171)   Bulge remover triggered 0 times
  0:00:00.295     1M / 69M   INFO   Simplification           (parallel_processing.hpp   : 168)   Running Low coverage edge remover
  0:00:00.295     1M / 69M   INFO   Simplification           (parallel_processing.hpp   : 171)   Low coverage edge remover triggered 0 times
  0:00:00.295     1M / 69M   INFO    General                 (simplification.cpp        : 402)   PROCEDURE == Simplification cycle, iteration 7
  0:00:00.295     1M / 69M   INFO   Simplification           (parallel_processing.hpp   : 168)   Running Tip clipper
  0:00:00.295     1M / 69M   INFO   Simplification           (parallel_processing.hpp   : 171)   Tip clipper triggered 0 times
  0:00:00.295     1M / 69M   INFO   Simplification           (parallel_processing.hpp   : 168)   Running Bulge remover
  0:00:00.295     1M / 69M   INFO   Simplification           (parallel_processing.hpp   : 171)   Bulge remover triggered 0 times
  0:00:00.295     1M / 69M   INFO   Simplification           (parallel_processing.hpp   : 168)   Running Low coverage edge remover
  0:00:00.295     1M / 69M   INFO   Simplification           (parallel_processing.hpp   : 171)   Low coverage edge remover triggered 0 times
  0:00:00.295     1M / 69M   INFO    General                 (simplification.cpp        : 402)   PROCEDURE == Simplification cycle, iteration 8
  0:00:00.296     1M / 69M   INFO   Simplification           (parallel_processing.hpp   : 168)   Running Tip clipper
  0:00:00.296     1M / 69M   INFO   Simplification           (parallel_processing.hpp   : 171)   Tip clipper triggered 0 times
  0:00:00.296     1M / 69M   INFO   Simplification           (parallel_processing.hpp   : 168)   Running Bulge remover
  0:00:00.296     1M / 69M   INFO   Simplification           (parallel_processing.hpp   : 171)   Bulge remover triggered 0 times
  0:00:00.296     1M / 69M   INFO   Simplification           (parallel_processing.hpp   : 168)   Running Low coverage edge remover
  0:00:00.296     1M / 69M   INFO   Simplification           (parallel_processing.hpp   : 171)   Low coverage edge remover triggered 0 times
  0:00:00.296     1M / 69M   INFO    General                 (simplification.cpp        : 402)   PROCEDURE == Simplification cycle, iteration 9
  0:00:00.296     1M / 69M   INFO   Simplification           (parallel_processing.hpp   : 168)   Running Tip clipper
  0:00:00.296     1M / 69M   INFO   Simplification           (parallel_processing.hpp   : 171)   Tip clipper triggered 0 times
  0:00:00.296     1M / 69M   INFO   Simplification           (parallel_processing.hpp   : 168)   Running Bulge remover
  0:00:00.296     1M / 69M   INFO   Simplification           (parallel_processing.hpp   : 171)   Bulge remover triggered 0 times
  0:00:00.297     1M / 69M   INFO   Simplification           (parallel_processing.hpp   : 168)   Running Low coverage edge remover
  0:00:00.297     1M / 69M   INFO   Simplification           (parallel_processing.hpp   : 171)   Low coverage edge remover triggered 0 times
  0:00:00.297     1M / 69M   INFO    General                 (simplification.cpp        : 402)   PROCEDURE == Simplification cycle, iteration 10
  0:00:00.297     1M / 69M   INFO   Simplification           (parallel_processing.hpp   : 168)   Running Tip clipper
  0:00:00.297     1M / 69M   INFO   Simplification           (parallel_processing.hpp   : 171)   Tip clipper triggered 0 times
  0:00:00.297     1M / 69M   INFO   Simplification           (parallel_processing.hpp   : 168)   Running Bulge remover
  0:00:00.297     1M / 69M   INFO   Simplification           (parallel_processing.hpp   : 171)   Bulge remover triggered 0 times
  0:00:00.297     1M / 69M   INFO   Simplification           (parallel_processing.hpp   : 168)   Running Low coverage edge remover
  0:00:00.297     1M / 69M   INFO   Simplification           (parallel_processing.hpp   : 171)   Low coverage edge remover triggered 0 times
  0:00:00.297     1M / 69M   INFO    General                 (simplification.cpp        : 402)   PROCEDURE == Simplification cycle, iteration 11
  0:00:00.297     1M / 69M   INFO   Simplification           (parallel_processing.hpp   : 168)   Running Tip clipper
  0:00:00.297     1M / 69M   INFO   Simplification           (parallel_processing.hpp   : 171)   Tip clipper triggered 0 times
  0:00:00.297     1M / 69M   INFO   Simplification           (parallel_processing.hpp   : 168)   Running Bulge remover
  0:00:00.297     1M / 69M   INFO   Simplification           (parallel_processing.hpp   : 171)   Bulge remover triggered 0 times
  0:00:00.297     1M / 69M   INFO   Simplification           (parallel_processing.hpp   : 168)   Running Low coverage edge remover
  0:00:00.297     1M / 69M   INFO   Simplification           (parallel_processing.hpp   : 171)   Low coverage edge remover triggered 0 times
  0:00:00.298     1M / 69M   INFO   StageManager             (stage.cpp                 : 212)   STAGE == Gap Closer (id: late_gapcloser)
  0:00:00.299    14M / 69M   INFO    General                 (edge_index.hpp            : 134)   Size of edge index entries: 12/8
  0:00:00.299    14M / 69M   INFO    General                 (gap_closer.cpp            : 117)   Total edges in tip neighborhood: 294 out of 294, length: 14540
  0:00:00.299    14M / 69M   INFO    General                 (edge_index.hpp            : 196)   Using small index (max_id = 593)
  0:00:00.300    14M / 69M   INFO   K-mer Index Building     (kmer_index_builder.hpp    : 460)   Building perfect hash indices
  0:00:00.301    14M / 69M   INFO   K-mer Index Building     (kmer_index_builder.hpp    : 496)   Index built. Total 7270 kmers, 6008 bytes occupied (6.61128 bits per kmer).
  0:00:00.301    14M / 69M   INFO    General                 (edge_index_builders.hpp   : 266)   Collecting edge information from graph, this takes a while.
  0:00:00.302    14M / 69M   INFO    General                 (sequence_mapper_notifier.h:  80)   Starting sequence mapping
  0:00:00.302    14M / 69M   INFO    General                 (sequence_mapper_notifier.h: 120)   Total 208 reads processed
  0:00:00.304    14M / 69M   INFO    General                 (gap_closer.cpp            : 505)   Initializing gap closer
  0:00:00.304    14M / 69M   INFO   GapCloser                (gap_closer.cpp            : 421)   Collecting gap candidates
  0:00:00.304    14M / 69M   INFO   GapCloser                (gap_closer.cpp            : 425)   Total 25 tips collected, total 28 connection candidates
  0:00:00.304    14M / 69M   INFO   GapCloser                (gap_closer.cpp            : 448)   Closing short gaps complete: filled 1 gaps after checking 25 candidates
  0:00:00.304    14M / 69M   INFO    General                 (gap_closer.cpp            : 510)   Gap closer done
  0:00:00.305     1M / 69M   INFO   StageManager             (stage.cpp                 : 212)   STAGE == Simplification Cleanup (id: simplification_cleanup)
  0:00:00.305     1M / 69M   INFO    General                 (simplification.cpp        : 189)   PROCEDURE == Post simplification
  0:00:00.305     1M / 69M   INFO    General                 (graph_simplification.hpp  : 455)   Disconnection of relatively low covered edges disabled
  0:00:00.305     1M / 69M   INFO    General                 (graph_simplification.hpp  : 494)   Complex tip clipping disabled
  0:00:00.305     1M / 69M   INFO    General                 (graph_simplification.hpp  : 646)   Creating parallel br instance
  0:00:00.305     1M / 69M   INFO   Simplification           (parallel_processing.hpp   : 168)   Running Tip clipper
  0:00:00.305     1M / 69M   INFO   Simplification           (parallel_processing.hpp   : 171)   Tip clipper triggered 0 times
  0:00:00.306     1M / 69M   INFO   Simplification           (parallel_processing.hpp   : 168)   Running Bulge remover
  0:00:00.306     1M / 69M   INFO   Simplification           (parallel_processing.hpp   : 171)   Bulge remover triggered 0 times
  0:00:00.306     1M / 69M   INFO   Simplification           (parallel_processing.hpp   : 168)   Running Tip clipper
  0:00:00.306     1M / 69M   INFO   Simplification           (parallel_processing.hpp   : 171)   Tip clipper triggered 0 times
  0:00:00.306     1M / 69M   INFO   Simplification           (parallel_processing.hpp   : 168)   Running Bulge remover
  0:00:00.306     1M / 69M   INFO   Simplification           (parallel_processing.hpp   : 171)   Bulge remover triggered 0 times
  0:00:00.306     1M / 69M   INFO    General                 (simplification.cpp        : 348)   Disrupting self-conjugate edges
  0:00:00.306     1M / 69M   INFO   Simplification           (parallel_processing.hpp   : 168)   Running Removing isolated edges
  0:00:00.306     1M / 69M   INFO   Simplification           (parallel_processing.hpp   : 171)   Removing isolated edges triggered 139 times
  0:00:00.306     1M / 69M   INFO    General                 (simplification.cpp        : 508)   After simplification:
  0:00:00.307     1M / 69M   INFO    General                 (simplification.cpp        : 509)     Average coverage = 4.4936
  0:00:00.307     1M / 69M   INFO    General                 (simplification.cpp        : 510)     Total length = 1797
  0:00:00.307     1M / 69M   INFO    General                 (simplification.cpp        : 511)     Median edge length: 299
  0:00:00.307     1M / 69M   INFO    General                 (simplification.cpp        : 512)     Edges: 14
  0:00:00.307     1M / 69M   INFO    General                 (simplification.cpp        : 513)     Vertices: 28
  0:00:00.307     1M / 69M   INFO   StageManager             (stage.cpp                 : 212)   STAGE == Mismatch Correction (id: mismatch_correction)
  0:00:00.307     1M / 69M   INFO    General                 (graph_pack_helpers.cpp    :  44)   Index refill
  0:00:00.307     1M / 69M   INFO    General                 (edge_index.hpp            : 175)   Using small index (max_id = 593)
  0:00:00.307     1M / 69M   INFO   K-mer Index Building     (kmer_index_builder.hpp    : 460)   Building perfect hash indices
  0:00:00.308     1M / 69M   INFO   K-mer Index Building     (kmer_index_builder.hpp    : 496)   Index built. Total 1797 kmers, 2072 bytes occupied (9.22426 bits per kmer).
  0:00:00.308     1M / 69M   INFO    General                 (edge_index_builders.hpp   : 253)   Collecting edge information from graph, this takes a while.
  0:00:00.308     1M / 69M   INFO    General                 (graph_pack_helpers.cpp    :  54)   Normalizing k-mer map. Total 0 kmers to process
  0:00:00.308     1M / 69M   INFO    General                 (kmer_mapper.hpp           :  87)   Total 0 kmers with non-trivial roots
  0:00:00.308     1M / 69M   INFO    General                 (graph_pack_helpers.cpp    :  56)   Normalizing done
  0:00:00.308     1M / 69M   INFO    General                 (mismatch_correction.cpp   : 421)   Collect potential mismatches
  0:00:00.308     1M / 69M   INFO    General                 (mismatch_correction.cpp   : 215)   Total 0 edges (out of 14) with 0 potential mismatch positions (nan positions per edge)
  0:00:00.308     1M / 69M   INFO    General                 (mismatch_correction.cpp   : 423)   Potential mismatches collected
  0:00:00.309     1M / 69M   INFO    General                 (sequence_mapper_notifier.h:  80)   Starting sequence mapping
  0:00:00.310     1M / 69M   INFO    General                 (sequence_mapper_notifier.h: 120)   Total 956 reads processed
  0:00:00.310     1M / 69M   INFO    General                 (mismatch_correction.cpp   : 416)   All edges processed
  0:00:00.310     1M / 69M   INFO    General                 (mismatch_correction.cpp   : 471)   Corrected 0 nucleotides
  0:00:00.311     1M / 69M   INFO   StageManager             (stage.cpp                 : 212)   STAGE == Contig Output (id: contig_output)
  0:00:00.311     1M / 69M   INFO    General                 (contig_output.hpp         :  20)   Outputting contigs to "/Users/yvonnelin/Desktop/mitochime/data/assemblies_spades/3200_gibbosa15_gb_filtered/K115/before_rr.fasta"
  0:00:00.311     1M / 69M   INFO    General                 (contig_output_stage.cpp   : 159)   Writing GFA graph to "/Users/yvonnelin/Desktop/mitochime/data/assemblies_spades/3200_gibbosa15_gb_filtered/K115/assembly_graph_after_simplification.gfa"
  0:00:00.311     1M / 69M   INFO   StageManager             (stage.cpp                 : 212)   STAGE == Paired Information Counting (id: late_pair_info_count)
  0:00:00.311     1M / 69M   INFO    General                 (graph_pack_helpers.cpp    :  54)   Normalizing k-mer map. Total 0 kmers to process
  0:00:00.311     1M / 69M   INFO    General                 (graph_pack_helpers.cpp    :  56)   Normalizing done
  0:00:00.311     1M / 69M   INFO    General                 (pair_info_count.cpp       : 165)   Min edge length for estimation: 299
  0:00:00.311     1M / 69M   INFO    General                 (pair_info_count.cpp       : 176)   Estimating insert size for library #0
  0:00:00.311     1M / 69M   INFO    General                 (pair_info_count.cpp       :  41)   Selecting usual mapper
  0:00:00.312     1M / 70M   INFO    General                 (paired_info_utils.cpp     : 102)   Estimating insert size (takes a while)
  0:00:00.338   145M / 193M  INFO    General                 (sequence_mapper_notifier.h:  80)   Starting sequence mapping
  0:00:00.422   145M / 193M  INFO    General                 (sequence_mapper_notifier.h: 120)   Total 208 reads processed
  0:00:00.465   145M / 193M  INFO    General                 (paired_info_utils.cpp     : 119)   Edge pairs: 9
  0:00:00.465   145M / 193M  INFO    General                 (paired_info_utils.cpp     : 123)   4 paired reads (1.92308% of all) aligned to long edges
  0:00:00.465     1M / 193M  INFO    General                 (pair_info_count.cpp       : 200)     Insert size = 443.25, deviation = 39.8332, left quantile = 380, right quantile = 482, read length = 150
  0:00:00.466     1M / 193M  INFO    General                 (pair_info_count.cpp       : 211)   Filtering data for library #0
  0:00:00.466     1M / 193M  INFO    General                 (pair_info_count.cpp       :  41)   Selecting usual mapper
  0:00:00.467     1M / 193M  INFO    General                 (sequence_mapper_notifier.h:  80)   Starting sequence mapping
  0:00:00.467     1M / 193M  INFO    General                 (sequence_mapper_notifier.h: 120)   Total 208 reads processed
  0:00:00.468     1M / 193M  INFO    General                 (pair_info_count.cpp       : 216)   Mapping library #0
  0:00:00.468     1M / 193M  INFO    General                 (pair_info_count.cpp       : 218)   Mapping paired reads (takes a while)
  0:00:00.468     1M / 193M  INFO    General                 (pair_info_count.cpp       :  41)   Selecting usual mapper
  0:00:00.468     1M / 193M  INFO    General                 (paired_info_utils.cpp     : 155)   Left insert size quantile 380, right insert size quantile 482, filtering threshold 2, rounding threshold 0
  0:00:00.470    14M / 193M  INFO    General                 (sequence_mapper_notifier.h:  80)   Starting sequence mapping
  0:00:00.471    14M / 193M  INFO    General                 (sequence_mapper_notifier.h: 120)   Total 208 reads processed
  0:00:00.473     1M / 193M  INFO   StageManager             (stage.cpp                 : 212)   STAGE == Distance Estimation (id: distance_estimation)
  0:00:00.473     1M / 193M  INFO    General                 (distance_estimation.cpp   :  75)   Processing library #0
  0:00:00.473     1M / 193M  INFO    General                 (distance_estimation_utils.:  23)   Estimating distances
  0:00:00.473     1M / 193M  INFO   DistanceEstimator        (distance_estimation.hpp   : 132)   Using SIMPLE distance estimator
  0:00:00.474     1M / 193M  INFO    General                 (distance_estimation_utils.: 137)   Refining clustered pair information
  0:00:00.475     1M / 193M  INFO    General                 (distance_estimation_utils.: 139)   The refining of clustered pair information has been finished
  0:00:00.475     1M / 193M  INFO    General                 (distance_estimation_utils.: 141)   Improving paired information
  0:00:00.478     1M / 193M  INFO   PairInfoImprover         (pair_info_improver.hpp    :  81)   Paired info stats: missing = 0; contradictional = 0
  0:00:00.482     1M / 193M  INFO   PairInfoImprover         (pair_info_improver.hpp    :  81)   Paired info stats: missing = 0; contradictional = 0
  0:00:00.482     1M / 193M  INFO    General                 (distance_estimation_utils.:  81)   Filling scaffolding index
  0:00:00.482     1M / 193M  INFO    General                 (distance_estimation_utils.:  23)   Estimating distances
  0:00:00.482     1M / 193M  INFO   DistanceEstimator        (distance_estimation.hpp   : 132)   Using SMOOTHING distance estimator
  0:00:00.484     1M / 193M  INFO    General                 (distance_estimation.cpp   :  84)   Clearing raw paired index
  0:00:00.485     1M / 193M  INFO   StageManager             (stage.cpp                 : 212)   STAGE == Repeat Resolving (id: repeat_resolving)
  0:00:00.485     1M / 193M  INFO    General                 (repeat_resolving.cpp      :  88)   Using Path-Extend repeat resolving
  0:00:00.485     1M / 193M  INFO    General                 (launcher.cpp              : 632)   ExSPAnder repeat resolving tool started
  0:00:00.485     1M / 194M  INFO    General                 (coverage_uniformity_analyz:  25)   genomic coverage is 3.77592 calculated of length 976
  0:00:00.485     1M / 194M  INFO    General                 (launcher.cpp              : 440)   Creating main extenders, unique edge length = 2000
  0:00:00.485     1M / 194M  INFO    General                 (extenders_logic.cpp       : 341)   Estimated coverage of library #0 is 4.4936
  0:00:00.485     1M / 194M  INFO    General                 (extenders_logic.cpp       : 352)   Creating extender; library index size: 14
  0:00:00.485     1M / 194M  INFO    General                 (extenders_logic.cpp       : 341)   Estimated coverage of library #0 is 4.4936
  0:00:00.485     1M / 194M  INFO    General                 (extenders_logic.cpp       : 352)   Creating extender; library index size: 14
  0:00:00.485     1M / 194M  INFO    General                 (extenders_logic.cpp       : 550)   Using 1 paired-end library
  0:00:00.485     1M / 194M  INFO    General                 (extenders_logic.cpp       : 551)   Using 1 paired-end scaffolding library
  0:00:00.485     1M / 194M  INFO    General                 (extenders_logic.cpp       : 552)   Using 0 single read libraries
  0:00:00.485     1M / 194M  INFO    General                 (launcher.cpp              : 469)   Total number of extenders is 3
  0:00:00.486     1M / 194M  INFO    General                 (launcher.cpp              : 260)   Finalizing paths
  0:00:00.486     1M / 194M  INFO    General                 (launcher.cpp              : 262)   Deduplicating paths
  0:00:00.486     1M / 194M  INFO    General                 (launcher.cpp              : 266)   Paths deduplicated
  0:00:00.486     1M / 194M  INFO   PEResolver               (pe_resolver.cpp           :  70)   Removing overlaps
  0:00:00.486     1M / 194M  INFO   PEResolver               (pe_resolver.cpp           :  73)   Sorting paths
  0:00:00.486     1M / 194M  INFO   PEResolver               (pe_resolver.cpp           :  80)   Marking overlaps
  0:00:00.486     1M / 194M  INFO   OverlapRemover           (overlap_remover.hpp       : 120)   Marking start/end overlaps
  0:00:00.486     1M / 194M  INFO   OverlapRemover           (overlap_remover.hpp       : 123)   Marking remaining overlaps
  0:00:00.486     1M / 194M  INFO   PEResolver               (pe_resolver.cpp           :  83)   Splitting paths
  0:00:00.486     1M / 194M  INFO   PEResolver               (pe_resolver.cpp           :  88)   Deduplicating paths
  0:00:00.486     1M / 194M  INFO   PEResolver               (pe_resolver.cpp           :  90)   Overlaps removed
  0:00:00.487     1M / 194M  INFO    General                 (launcher.cpp              : 283)   Paths finalized
  0:00:00.487     1M / 194M  INFO    General                 (launcher.cpp              : 478)   Closing gaps in paths
  0:00:00.487     1M / 194M  INFO    General                 (launcher.cpp              : 508)   Gap closing completed
  0:00:00.487     1M / 194M  INFO    General                 (launcher.cpp              : 316)   Traversing tandem repeats
  0:00:00.487     1M / 194M  INFO    General                 (launcher.cpp              : 326)   Traversed 0 loops
  0:00:00.487     1M / 194M  INFO    General                 (launcher.cpp              : 260)   Finalizing paths
  0:00:00.487     1M / 194M  INFO    General                 (launcher.cpp              : 262)   Deduplicating paths
  0:00:00.487     1M / 194M  INFO    General                 (launcher.cpp              : 266)   Paths deduplicated
  0:00:00.487     1M / 194M  INFO   PEResolver               (pe_resolver.cpp           :  70)   Removing overlaps
  0:00:00.487     1M / 194M  INFO   PEResolver               (pe_resolver.cpp           :  73)   Sorting paths
  0:00:00.487     1M / 194M  INFO   PEResolver               (pe_resolver.cpp           :  80)   Marking overlaps
  0:00:00.487     1M / 194M  INFO   OverlapRemover           (overlap_remover.hpp       : 120)   Marking start/end overlaps
  0:00:00.487     1M / 194M  INFO   OverlapRemover           (overlap_remover.hpp       : 123)   Marking remaining overlaps
  0:00:00.487     1M / 194M  INFO   PEResolver               (pe_resolver.cpp           :  83)   Splitting paths
  0:00:00.488     1M / 194M  INFO   PEResolver               (pe_resolver.cpp           :  88)   Deduplicating paths
  0:00:00.488     1M / 194M  INFO   PEResolver               (pe_resolver.cpp           :  90)   Overlaps removed
  0:00:00.488     1M / 194M  INFO    General                 (launcher.cpp              : 283)   Paths finalized
  0:00:00.488     1M / 194M  INFO    General                 (launcher.cpp              : 697)   ExSPAnder repeat resolving tool finished
  0:00:00.488     1M / 194M  INFO   StageManager             (stage.cpp                 : 212)   STAGE == Contig Output (id: contig_output)
  0:00:00.488     1M / 194M  INFO    General                 (contig_output.hpp         :  20)   Outputting contigs to "/Users/yvonnelin/Desktop/mitochime/data/assemblies_spades/3200_gibbosa15_gb_filtered/K115/before_rr.fasta"
  0:00:00.488     1M / 194M  INFO    General                 (contig_output_stage.cpp   : 159)   Writing GFA graph to "/Users/yvonnelin/Desktop/mitochime/data/assemblies_spades/3200_gibbosa15_gb_filtered/K115/assembly_graph_with_scaffolds.gfa"
  0:00:00.488     1M / 194M  INFO    General                 (contig_output_stage.cpp   : 175)   Outputting FastG graph to "/Users/yvonnelin/Desktop/mitochime/data/assemblies_spades/3200_gibbosa15_gb_filtered/K115/assembly_graph.fastg"
  0:00:00.488     1M / 194M  INFO    General                 (contig_output_stage.cpp   : 210)   Breaking scaffolds
  0:00:00.489     1M / 194M  INFO    General                 (contig_output_stage.cpp   : 101)   Outputting contigs to /Users/yvonnelin/Desktop/mitochime/data/assemblies_spades/3200_gibbosa15_gb_filtered/K115/final_contigs.fasta
  0:00:00.489     1M / 194M  INFO    General                 (contig_output_stage.cpp   : 107)   Outputting FastG paths to /Users/yvonnelin/Desktop/mitochime/data/assemblies_spades/3200_gibbosa15_gb_filtered/K115/final_contigs.paths
  0:00:00.489     1M / 194M  INFO    General                 (contig_output_stage.cpp   : 101)   Outputting contigs to /Users/yvonnelin/Desktop/mitochime/data/assemblies_spades/3200_gibbosa15_gb_filtered/K115/scaffolds.fasta
  0:00:00.489     1M / 194M  INFO    General                 (contig_output_stage.cpp   : 107)   Outputting FastG paths to /Users/yvonnelin/Desktop/mitochime/data/assemblies_spades/3200_gibbosa15_gb_filtered/K115/scaffolds.paths
  0:00:00.490     1M / 194M  INFO    General                 (contig_output_stage.cpp   : 114)   Populating GFA with scaffold paths
  0:00:00.490     1M / 194M  INFO    General                 (pipeline.cpp              : 303)   SPAdes finished
  0:00:00.490     1M / 194M  INFO    General                 (main.cpp                  : 131)   Assembling time: 0 hours 0 minutes 0 seconds

===== K115 finished. 


===== Copy files started. 


== Running: /Users/yvonnelin/miniconda3/envs/mitochime/bin/python3 /Users/yvonnelin/miniconda3/envs/mitochime/share/spades/spades_pipeline/scripts/copy_files.py /Users/yvonnelin/Desktop/mitochime/data/assemblies_spades/3200_gibbosa15_gb_filtered/K115/before_rr.fasta /Users/yvonnelin/Desktop/mitochime/data/assemblies_spades/3200_gibbosa15_gb_filtered/before_rr.fasta /Users/yvonnelin/Desktop/mitochime/data/assemblies_spades/3200_gibbosa15_gb_filtered/K115/assembly_graph_after_simplification.gfa /Users/yvonnelin/Desktop/mitochime/data/assemblies_spades/3200_gibbosa15_gb_filtered/assembly_graph_after_simplification.gfa /Users/yvonnelin/Desktop/mitochime/data/assemblies_spades/3200_gibbosa15_gb_filtered/K115/final_contigs.fasta /Users/yvonnelin/Desktop/mitochime/data/assemblies_spades/3200_gibbosa15_gb_filtered/contigs.fasta /Users/yvonnelin/Desktop/mitochime/data/assemblies_spades/3200_gibbosa15_gb_filtered/K115/first_pe_contigs.fasta /Users/yvonnelin/Desktop/mitochime/data/assemblies_spades/3200_gibbosa15_gb_filtered/first_pe_contigs.fasta /Users/yvonnelin/Desktop/mitochime/data/assemblies_spades/3200_gibbosa15_gb_filtered/K115/strain_graph.gfa /Users/yvonnelin/Desktop/mitochime/data/assemblies_spades/3200_gibbosa15_gb_filtered/strain_graph.gfa /Users/yvonnelin/Desktop/mitochime/data/assemblies_spades/3200_gibbosa15_gb_filtered/K115/scaffolds.fasta /Users/yvonnelin/Desktop/mitochime/data/assemblies_spades/3200_gibbosa15_gb_filtered/scaffolds.fasta /Users/yvonnelin/Desktop/mitochime/data/assemblies_spades/3200_gibbosa15_gb_filtered/K115/scaffolds.paths /Users/yvonnelin/Desktop/mitochime/data/assemblies_spades/3200_gibbosa15_gb_filtered/scaffolds.paths /Users/yvonnelin/Desktop/mitochime/data/assemblies_spades/3200_gibbosa15_gb_filtered/K115/assembly_graph_with_scaffolds.gfa /Users/yvonnelin/Desktop/mitochime/data/assemblies_spades/3200_gibbosa15_gb_filtered/assembly_graph_with_scaffolds.gfa /Users/yvonnelin/Desktop/mitochime/data/assemblies_spades/3200_gibbosa15_gb_filtered/K115/assembly_graph.fastg /Users/yvonnelin/Desktop/mitochime/data/assemblies_spades/3200_gibbosa15_gb_filtered/assembly_graph.fastg /Users/yvonnelin/Desktop/mitochime/data/assemblies_spades/3200_gibbosa15_gb_filtered/K115/final_contigs.paths /Users/yvonnelin/Desktop/mitochime/data/assemblies_spades/3200_gibbosa15_gb_filtered/contigs.paths


===== Copy files finished. 


===== Assembling finished. 


===== Breaking scaffolds started. 


== Running: /Users/yvonnelin/miniconda3/envs/mitochime/bin/python3 /Users/yvonnelin/miniconda3/envs/mitochime/share/spades/spades_pipeline/scripts/breaking_scaffolds_script.py --result_scaffolds_filename /Users/yvonnelin/Desktop/mitochime/data/assemblies_spades/3200_gibbosa15_gb_filtered/scaffolds.fasta --misc_dir /Users/yvonnelin/Desktop/mitochime/data/assemblies_spades/3200_gibbosa15_gb_filtered/misc --threshold_for_breaking_scaffolds 3


===== Breaking scaffolds finished. 


===== Terminate started. 


===== Terminate finished. 

 * Corrected reads are in /Users/yvonnelin/Desktop/mitochime/data/assemblies_spades/3200_gibbosa15_gb_filtered/corrected/
 * Assembled contigs are in /Users/yvonnelin/Desktop/mitochime/data/assemblies_spades/3200_gibbosa15_gb_filtered/contigs.fasta
 * Assembled scaffolds are in /Users/yvonnelin/Desktop/mitochime/data/assemblies_spades/3200_gibbosa15_gb_filtered/scaffolds.fasta
 * Paths in the assembly graph corresponding to the contigs are in /Users/yvonnelin/Desktop/mitochime/data/assemblies_spades/3200_gibbosa15_gb_filtered/contigs.paths
 * Paths in the assembly graph corresponding to the scaffolds are in /Users/yvonnelin/Desktop/mitochime/data/assemblies_spades/3200_gibbosa15_gb_filtered/scaffolds.paths
 * Assembly graph is in /Users/yvonnelin/Desktop/mitochime/data/assemblies_spades/3200_gibbosa15_gb_filtered/assembly_graph.fastg
 * Assembly graph in GFA format is in /Users/yvonnelin/Desktop/mitochime/data/assemblies_spades/3200_gibbosa15_gb_filtered/assembly_graph_with_scaffolds.gfa

======= SPAdes pipeline finished WITH WARNINGS!

=== Error correction and assembling warnings:
 * 0:00:00.001     1M / 12M   WARN    General                 (memory_limit.cpp          :  53)   Failed to limit memory to 250 Gb, setrlimit(2) call failed, errno = 22 (Invalid argument). Watch your memory consumption!
 * 0:00:00.246     1M / 56M   WARN    General                 (kmer_coverage_model.cpp   : 219)   Too many erroneous kmers, the estimates might be unreliable
 * 0:00:00.283     1M / 56M   WARN    General                 (kmer_coverage_model.cpp   : 328)   Valley value was estimated improperly, reset to 1
 * 0:00:00.283     1M / 56M   WARN    General                 (kmer_coverage_model.cpp   : 367)   Failed to determine erroneous kmer threshold. Threshold set to: 1
======= Warnings saved to /Users/yvonnelin/Desktop/mitochime/data/assemblies_spades/3200_gibbosa15_gb_filtered/warnings.log

SPAdes log can be found here: /Users/yvonnelin/Desktop/mitochime/data/assemblies_spades/3200_gibbosa15_gb_filtered/spades.log

Thank you for using SPAdes! If you use it in your research, please cite:

  Prjibelski, A., Antipov, D., Meleshko, D., Lapidus, A. and Korobeynikov, A., 2020. Using SPAdes de novo assembler. Current protocols in bioinformatics, 70(1), p.e102.
  doi.org/10.1002/cpbi.102

